<?xml version="1.0" encoding="UTF-8"?>
<robot generator="Robot 5.0 (Python 3.10.3 on win32)" generated="20220424 11:56:11.185" rpa="false" schemaversion="3">
<suite id="s1" name="Home" source="c:\Users\pedro.dias\Desktop\Cursos\RobotFrameWork_MobileAndroid\TWP\Tests\home.robot">
<kw name="Open Session" type="SETUP">
<kw name="Set Appium Timeout" library="AppiumLibrary">
<arg>8</arg>
<doc>Sets the timeout in seconds used by various keywords.</doc>
<status status="PASS" starttime="20220424 11:56:11.372" endtime="20220424 11:56:11.373"/>
</kw>
<kw name="Open Application" library="AppiumLibrary">
<arg>http://localhost:4723/wd/hub</arg>
<arg>automationName=UiAutomator2</arg>
<arg>platformName=Android</arg>
<arg>deviceName=Emulator</arg>
<arg>app=${EXECDIR}/TWP/app/twp.apk</arg>
<doc>Opens a new application to given Appium server.
Capabilities of appium server, Android and iOS,
Please check https://github.com/appium/appium/blob/master/docs/en/writing-running-appium/server-args.md
| *Option*            | *Man.* | *Description*     |
| remote_url          | Yes    | Appium server url |
| alias               | no     | alias             |</doc>
<status status="PASS" starttime="20220424 11:56:11.373" endtime="20220424 11:56:23.247"/>
</kw>
<status status="PASS" starttime="20220424 11:56:11.372" endtime="20220424 11:56:23.247"/>
</kw>
<test id="s1-t1" name="Deve abrir a tela principal" line="10">
<kw name="Wait Until Page Contains" library="AppiumLibrary">
<arg>Training Wheels Protocol</arg>
<doc>Waits until `text` appears on current page.</doc>
<status status="PASS" starttime="20220424 11:56:23.249" endtime="20220424 11:56:27.356"/>
</kw>
<kw name="Wait Until Page Contains" library="AppiumLibrary">
<arg>Mobile Version</arg>
<doc>Waits until `text` appears on current page.</doc>
<status status="PASS" starttime="20220424 11:56:27.357" endtime="20220424 11:56:27.393"/>
</kw>
<status status="PASS" starttime="20220424 11:56:23.248" endtime="20220424 11:56:27.394"/>
</test>
<kw name="Close Session" library="base" type="TEARDOWN">
<kw name="Close Application" library="AppiumLibrary">
<doc>Closes the current application and also close webdriver session.</doc>
<status status="PASS" starttime="20220424 11:56:27.395" endtime="20220424 11:56:28.089"/>
</kw>
<status status="PASS" starttime="20220424 11:56:27.395" endtime="20220424 11:56:28.089"/>
</kw>
<status status="PASS" starttime="20220424 11:56:11.190" endtime="20220424 11:56:28.089"/>
</suite>
<statistics>
<total>
<stat pass="1" fail="0" skip="0">All Tests</stat>
</total>
<tag>
</tag>
<suite>
<stat pass="1" fail="0" skip="0" id="s1" name="Home">Home</stat>
</suite>
</statistics>
<errors>
</errors>
</robot>
