<?xml version="1.0" encoding="UTF-8"?>
<robot generator="Robot 5.0 (Python 3.10.3 on win32)" generated="20220422 17:46:03.337" rpa="false" schemaversion="3">
<suite id="s1" name="Home" source="c:\Users\pedro.dias\Desktop\Cursos\QANinja_MobileAndroid\TWP\Tests\home.robot">
<kw name="Open Session" type="SETUP">
<kw name="Set Appium Timeout" library="AppiumLibrary">
<arg>5</arg>
<doc>Sets the timeout in seconds used by various keywords.</doc>
<status status="PASS" starttime="20220422 17:46:03.560" endtime="20220422 17:46:03.560"/>
</kw>
<kw name="Open Application" library="AppiumLibrary">
<arg>http://localhost:4723/wd/hub</arg>
<arg>automationName=UiAutomator2</arg>
<arg>platformName=Android</arg>
<arg>deviceName=Emulator</arg>
<arg>app=${EXECDIR}/app/twp.apk</arg>
<doc>Opens a new application to given Appium server.
Capabilities of appium server, Android and iOS,
Please check https://github.com/appium/appium/blob/master/docs/en/writing-running-appium/server-args.md
| *Option*            | *Man.* | *Description*     |
| remote_url          | Yes    | Appium server url |
| alias               | no     | alias             |</doc>
<status status="PASS" starttime="20220422 17:46:03.560" endtime="20220422 17:46:17.050"/>
</kw>
<status status="PASS" starttime="20220422 17:46:03.560" endtime="20220422 17:46:17.050"/>
</kw>
<test id="s1-t1" name="Deve abrir a tela principal" line="10">
<kw name="Wait Until Page Contains" library="AppiumLibrary">
<arg>Training Wheels Protocol</arg>
<arg>5</arg>
<doc>Waits until `text` appears on current page.</doc>
<status status="PASS" starttime="20220422 17:46:17.053" endtime="20220422 17:46:20.981"/>
</kw>
<kw name="Wait Until Page Contains" library="AppiumLibrary">
<arg>Mobile Version</arg>
<doc>Waits until `text` appears on current page.</doc>
<status status="PASS" starttime="20220422 17:46:20.982" endtime="20220422 17:46:21.024"/>
</kw>
<status status="PASS" starttime="20220422 17:46:17.051" endtime="20220422 17:46:21.024"/>
</test>
<kw name="Close Session" library="base" type="TEARDOWN">
<kw name="Close Application" library="AppiumLibrary">
<doc>Closes the current application and also close webdriver session.</doc>
<status status="PASS" starttime="20220422 17:46:21.027" endtime="20220422 17:46:21.819"/>
</kw>
<status status="PASS" starttime="20220422 17:46:21.027" endtime="20220422 17:46:21.819"/>
</kw>
<status status="PASS" starttime="20220422 17:46:03.343" endtime="20220422 17:46:21.820"/>
</suite>
<statistics>
<total>
<stat pass="1" fail="0" skip="0">All Tests</stat>
</total>
<tag>
</tag>
<suite>
<stat pass="1" fail="0" skip="0" id="s1" name="Home">Home</stat>
</suite>
</statistics>
<errors>
</errors>
</robot>
