<?xml version="1.0" encoding="UTF-8"?>
<robot generator="Robot 5.0 (Python 3.10.3 on win32)" generated="20220424 12:26:27.074" rpa="false" schemaversion="3">
<suite id="s1" name="Spinner" source="C:\Users\pedro.dias\Desktop\Cursos\RobotFrameWork_MobileAndroid\TWP\Tests\spinner.robot">
<kw name="Open Session" library="base" type="SETUP">
<kw name="Set Appium Timeout" library="AppiumLibrary">
<arg>8</arg>
<doc>Sets the timeout in seconds used by various keywords.</doc>
<status status="PASS" starttime="20220424 12:26:27.367" endtime="20220424 12:26:27.368"/>
</kw>
<kw name="Open Application" library="AppiumLibrary">
<arg>http://localhost:4723/wd/hub</arg>
<arg>automationName=UiAutomator2</arg>
<arg>platformName=Android</arg>
<arg>deviceName=Emulator</arg>
<arg>app=${EXECDIR}/TWP/app/twp.apk</arg>
<doc>Opens a new application to given Appium server.
Capabilities of appium server, Android and iOS,
Please check https://github.com/appium/appium/blob/master/docs/en/writing-running-appium/server-args.md
| *Option*            | *Man.* | *Description*     |
| remote_url          | Yes    | Appium server url |
| alias               | no     | alias             |</doc>
<status status="PASS" starttime="20220424 12:26:27.368" endtime="20220424 12:26:45.341"/>
</kw>
<kw name="Get Started" library="helpers">
<kw name="Wait Until Page Contains" library="AppiumLibrary">
<arg>COMEÇAR</arg>
<doc>Waits until `text` appears on current page.</doc>
<status status="PASS" starttime="20220424 12:26:45.345" endtime="20220424 12:26:49.184"/>
</kw>
<kw name="Click Text" library="AppiumLibrary">
<arg>COMEÇAR</arg>
<doc>Click text identified by ``text``.</doc>
<status status="PASS" starttime="20220424 12:26:49.184" endtime="20220424 12:26:50.000"/>
</kw>
<status status="PASS" starttime="20220424 12:26:45.343" endtime="20220424 12:26:50.000"/>
</kw>
<status status="PASS" starttime="20220424 12:26:27.367" endtime="20220424 12:26:50.000"/>
</kw>
<test id="s1-t1" name="Deve selecionar um Perfil no Formulário de CADASTRO" line="15">
<kw name="Go To SignUp Page" library="helpers">
<kw name="Open NAV" library="helpers">
<kw name="Wait Until Element Is Visible" library="AppiumLibrary">
<arg>${BUT_NAV}</arg>
<doc>Waits until element specified with `locator` is visible.</doc>
<status status="PASS" starttime="20220424 12:26:50.012" endtime="20220424 12:26:51.162"/>
</kw>
<kw name="Click Element" library="AppiumLibrary">
<arg>${BUT_NAV}</arg>
<doc>Click element identified by `locator`.</doc>
<msg timestamp="20220424 12:26:51.165" level="INFO">Clicking element 'xpath=//android.widget.ImageButton[@content-desc="Open navigation drawer"]'.</msg>
<status status="PASS" starttime="20220424 12:26:51.162" endtime="20220424 12:26:51.301"/>
</kw>
<status status="PASS" starttime="20220424 12:26:50.012" endtime="20220424 12:26:51.301"/>
</kw>
<kw name="Select Nav Item" library="helpers">
<arg>FORMS</arg>
<kw name="Wait Until Element Is Visible" library="AppiumLibrary">
<arg>${FRAME_NAV_VIEW}</arg>
<doc>Waits until element specified with `locator` is visible.</doc>
<status status="PASS" starttime="20220424 12:26:51.302" endtime="20220424 12:26:52.232"/>
</kw>
<kw name="Click Text" library="AppiumLibrary">
<arg>${Nav_Item}</arg>
<doc>Click text identified by ``text``.</doc>
<status status="PASS" starttime="20220424 12:26:52.232" endtime="20220424 12:26:52.425"/>
</kw>
<status status="PASS" starttime="20220424 12:26:51.302" endtime="20220424 12:26:52.426"/>
</kw>
<kw name="Verify Toolbar Title" library="helpers">
<arg>FORMS</arg>
<kw name="Wait Until Element Is Visible" library="AppiumLibrary">
<arg>${TOOLBAR_TITLE}</arg>
<doc>Waits until element specified with `locator` is visible.</doc>
<status status="PASS" starttime="20220424 12:26:52.426" endtime="20220424 12:26:53.319"/>
</kw>
<kw name="Element Text Should Be" library="AppiumLibrary">
<arg>${TOOLBAR_TITLE}</arg>
<arg>${Title}</arg>
<doc>Verifies element identified by ``locator`` exactly contains text ``expected``.</doc>
<msg timestamp="20220424 12:26:53.322" level="INFO">Verifying element 'id=io.qaninja.android.twp:id/toolbarTitle' contains exactly text 'FORMS'.</msg>
<status status="PASS" starttime="20220424 12:26:53.320" endtime="20220424 12:26:53.369"/>
</kw>
<status status="PASS" starttime="20220424 12:26:52.426" endtime="20220424 12:26:53.369"/>
</kw>
<kw name="Click Text" library="AppiumLibrary">
<arg>CADASTRO</arg>
<doc>Click text identified by ``text``.</doc>
<status status="PASS" starttime="20220424 12:26:53.369" endtime="20220424 12:26:53.494"/>
</kw>
<kw name="Wait Until Page Contains" library="AppiumLibrary">
<arg>Bem-vindo, crie sua conta.</arg>
<doc>Waits until `text` appears on current page.</doc>
<status status="PASS" starttime="20220424 12:26:53.495" endtime="20220424 12:26:54.459"/>
</kw>
<status status="PASS" starttime="20220424 12:26:50.009" endtime="20220424 12:26:54.459"/>
</kw>
<kw name="Click Element" library="AppiumLibrary">
<arg>${SPINNER}</arg>
<doc>Click element identified by `locator`.</doc>
<msg timestamp="20220424 12:26:54.461" level="INFO">Clicking element 'id=io.qaninja.android.twp:id/spinnerJob'.</msg>
<status status="PASS" starttime="20220424 12:26:54.460" endtime="20220424 12:26:54.550"/>
</kw>
<kw name="Wait Until Element Is Visible" library="AppiumLibrary">
<arg>${LIST_OPTIONS}</arg>
<doc>Waits until element specified with `locator` is visible.</doc>
<status status="PASS" starttime="20220424 12:26:54.555" endtime="20220424 12:26:55.627"/>
</kw>
<kw name="Click Text" library="AppiumLibrary">
<arg>QA</arg>
<doc>Click text identified by ``text``.</doc>
<status status="PASS" starttime="20220424 12:26:55.628" endtime="20220424 12:26:56.391"/>
</kw>
<status status="PASS" starttime="20220424 12:26:50.006" endtime="20220424 12:26:56.392"/>
</test>
<kw name="Close Session" library="base" type="TEARDOWN">
<kw name="Close Application" library="AppiumLibrary">
<doc>Closes the current application and also close webdriver session.</doc>
<status status="PASS" starttime="20220424 12:26:56.394" endtime="20220424 12:26:57.481"/>
</kw>
<status status="PASS" starttime="20220424 12:26:56.393" endtime="20220424 12:26:57.482"/>
</kw>
<status status="PASS" starttime="20220424 12:26:27.078" endtime="20220424 12:26:57.482"/>
</suite>
<statistics>
<total>
<stat pass="1" fail="0" skip="0">All Tests</stat>
</total>
<tag>
</tag>
<suite>
<stat pass="1" fail="0" skip="0" id="s1" name="Spinner">Spinner</stat>
</suite>
</statistics>
<errors>
</errors>
</robot>
