<?xml version="1.0" encoding="UTF-8"?>
<robot generator="Robot 5.0 (Python 3.10.3 on win32)" generated="20220424 13:34:16.065" rpa="false" schemaversion="3">
<suite id="s1" name="Tests" source="C:\Users\pedro.dias\Desktop\Cursos\RobotFrameWork_MobileAndroid\TWP\Tests">
<suite id="s1-s1" name="Buttons" source="C:\Users\pedro.dias\Desktop\Cursos\RobotFrameWork_MobileAndroid\TWP\Tests\buttons.robot">
<kw name="Open Session" library="base" type="SETUP">
<kw name="Set Appium Timeout" library="AppiumLibrary">
<arg>8</arg>
<doc>Sets the timeout in seconds used by various keywords.</doc>
<status status="PASS" starttime="20220424 13:34:16.253" endtime="20220424 13:34:16.254"/>
</kw>
<kw name="Open Application" library="AppiumLibrary">
<arg>http://localhost:4723/wd/hub</arg>
<arg>automationName=UiAutomator2</arg>
<arg>platformName=Android</arg>
<arg>deviceName=Emulator</arg>
<arg>app=${EXECDIR}/TWP/app/twp.apk</arg>
<doc>Opens a new application to given Appium server.
Capabilities of appium server, Android and iOS,
Please check https://github.com/appium/appium/blob/master/docs/en/writing-running-appium/server-args.md
| *Option*            | *Man.* | *Description*     |
| remote_url          | Yes    | Appium server url |
| alias               | no     | alias             |</doc>
<status status="PASS" starttime="20220424 13:34:16.254" endtime="20220424 13:34:28.668"/>
</kw>
<kw name="Get Started" library="helpers">
<kw name="Wait Until Page Contains" library="AppiumLibrary">
<arg>COMEÇAR</arg>
<doc>Waits until `text` appears on current page.</doc>
<status status="PASS" starttime="20220424 13:34:28.668" endtime="20220424 13:34:32.649"/>
</kw>
<kw name="Click Text" library="AppiumLibrary">
<arg>COMEÇAR</arg>
<doc>Click text identified by ``text``.</doc>
<status status="PASS" starttime="20220424 13:34:32.649" endtime="20220424 13:34:33.178"/>
</kw>
<status status="PASS" starttime="20220424 13:34:28.668" endtime="20220424 13:34:33.178"/>
</kw>
<status status="PASS" starttime="20220424 13:34:16.253" endtime="20220424 13:34:33.178"/>
</kw>
<test id="s1-s1-t1" name="Deve Realizar um Clique Simples" line="15">
<kw name="Go To Short Click Page" library="helpers">
<kw name="Open NAV" library="helpers">
<kw name="Wait Until Element Is Visible" library="AppiumLibrary">
<arg>${BUT_NAV}</arg>
<doc>Waits until element specified with `locator` is visible.</doc>
<status status="PASS" starttime="20220424 13:34:33.180" endtime="20220424 13:34:34.301"/>
</kw>
<kw name="Click Element" library="AppiumLibrary">
<arg>${BUT_NAV}</arg>
<doc>Click element identified by `locator`.</doc>
<msg timestamp="20220424 13:34:34.302" level="INFO">Clicking element 'xpath=//android.widget.ImageButton[@content-desc="Open navigation drawer"]'.</msg>
<status status="PASS" starttime="20220424 13:34:34.301" endtime="20220424 13:34:34.398"/>
</kw>
<status status="PASS" starttime="20220424 13:34:33.180" endtime="20220424 13:34:34.399"/>
</kw>
<kw name="Select Nav Item" library="helpers">
<arg>BOTÕES</arg>
<kw name="Wait Until Element Is Visible" library="AppiumLibrary">
<arg>${FRAME_NAV_VIEW}</arg>
<doc>Waits until element specified with `locator` is visible.</doc>
<status status="PASS" starttime="20220424 13:34:34.399" endtime="20220424 13:34:35.364"/>
</kw>
<kw name="Click Text" library="AppiumLibrary">
<arg>${Nav_Item}</arg>
<doc>Click text identified by ``text``.</doc>
<status status="PASS" starttime="20220424 13:34:35.364" endtime="20220424 13:34:35.500"/>
</kw>
<status status="PASS" starttime="20220424 13:34:34.399" endtime="20220424 13:34:35.500"/>
</kw>
<kw name="Verify Toolbar Title" library="helpers">
<arg>BOTÕES</arg>
<kw name="Wait Until Element Is Visible" library="AppiumLibrary">
<arg>${TOOLBAR_TITLE}</arg>
<doc>Waits until element specified with `locator` is visible.</doc>
<status status="PASS" starttime="20220424 13:34:35.500" endtime="20220424 13:34:36.448"/>
</kw>
<kw name="Element Text Should Be" library="AppiumLibrary">
<arg>${TOOLBAR_TITLE}</arg>
<arg>${Title}</arg>
<doc>Verifies element identified by ``locator`` exactly contains text ``expected``.</doc>
<msg timestamp="20220424 13:34:36.449" level="INFO">Verifying element 'id=io.qaninja.android.twp:id/toolbarTitle' contains exactly text 'BOTÕES'.</msg>
<status status="PASS" starttime="20220424 13:34:36.448" endtime="20220424 13:34:36.479"/>
</kw>
<status status="PASS" starttime="20220424 13:34:35.500" endtime="20220424 13:34:36.479"/>
</kw>
<kw name="Click Text" library="AppiumLibrary">
<arg>CLIQUE SIMPLES</arg>
<doc>Click text identified by ``text``.</doc>
<status status="PASS" starttime="20220424 13:34:36.479" endtime="20220424 13:34:36.568"/>
</kw>
<kw name="Wait Until Page Contains" library="AppiumLibrary">
<arg>CLIQUE SIMPLES</arg>
<doc>Waits until `text` appears on current page.</doc>
<status status="PASS" starttime="20220424 13:34:36.568" endtime="20220424 13:34:36.683"/>
</kw>
<status status="PASS" starttime="20220424 13:34:33.179" endtime="20220424 13:34:36.684"/>
</kw>
<kw name="Click Element" library="AppiumLibrary">
<arg>${CLIQUE_SIMPLES}</arg>
<doc>Click element identified by `locator`.</doc>
<msg timestamp="20220424 13:34:36.686" level="INFO">Clicking element 'id=io.qaninja.android.twp:id/short_click'.</msg>
<status status="PASS" starttime="20220424 13:34:36.685" endtime="20220424 13:34:37.878"/>
</kw>
<kw name="Wait Until Page Contains" library="AppiumLibrary">
<arg>Isso é um clique simples</arg>
<doc>Waits until `text` appears on current page.</doc>
<status status="PASS" starttime="20220424 13:34:37.878" endtime="20220424 13:34:37.914"/>
</kw>
<tag>short_click</tag>
<status status="PASS" starttime="20220424 13:34:33.179" endtime="20220424 13:34:37.915"/>
</test>
<test id="s1-s1-t2" name="Deve Realizar um Clique Longo" line="21">
<kw name="Go To Long Click Page" library="helpers">
<kw name="Open NAV" library="helpers">
<kw name="Wait Until Element Is Visible" library="AppiumLibrary">
<arg>${BUT_NAV}</arg>
<doc>Waits until element specified with `locator` is visible.</doc>
<msg timestamp="20220424 13:34:46.166" level="INFO">&lt;?xml version='1.0' encoding='UTF-8' standalone='yes' ?&gt;
&lt;hierarchy index="0" class="hierarchy" rotation="0" width="1080" height="1794"&gt;
  &lt;android.widget.FrameLayout index="0" package="io.qaninja.android.twp" class="android.widget.FrameLayout" text="" checkable="false" checked="false" clickable="false" enabled="true" focusable="false" focused="false" long-clickable="false" password="false" scrollable="false" selected="false" bounds="[0,0][1080,1794]" displayed="true"&gt;
    &lt;android.widget.LinearLayout index="0" package="io.qaninja.android.twp" class="android.widget.LinearLayout" text="" checkable="false" checked="false" clickable="false" enabled="true" focusable="false" focused="false" long-clickable="false" password="false" scrollable="false" selected="false" bounds="[0,0][1080,1794]" displayed="true"&gt;
      &lt;android.widget.FrameLayout index="0" package="io.qaninja.android.twp" class="android.widget.FrameLayout" text="" checkable="false" checked="false" clickable="false" enabled="true" focusable="false" focused="false" long-clickable="false" password="false" scrollable="false" selected="false" bounds="[0,0][1080,1794]" displayed="true"&gt;
        &lt;android.widget.LinearLayout index="0" package="io.qaninja.android.twp" class="android.widget.LinearLayout" text="" resource-id="io.qaninja.android.twp:id/action_bar_root" checkable="false" checked="false" clickable="false" enabled="true" focusable="false" focused="false" long-clickable="false" password="false" scrollable="false" selected="false" bounds="[0,0][1080,1794]" displayed="true"&gt;
          &lt;android.widget.FrameLayout index="0" package="io.qaninja.android.twp" class="android.widget.FrameLayout" text="" resource-id="android:id/content" checkable="false" checked="false" clickable="false" enabled="true" focusable="false" focused="false" long-clickable="false" password="false" scrollable="false" selected="false" bounds="[0,0][1080,1794]" displayed="true"&gt;
            &lt;android.view.ViewGroup index="0" package="io.qaninja.android.twp" class="android.view.ViewGroup" text="" checkable="false" checked="false" clickable="false" enabled="true" focusable="false" focused="false" long-clickable="false" password="false" scrollable="false" selected="false" bounds="[0,0][1080,1794]" displayed="true"&gt;
              &lt;android.widget.LinearLayout index="0" package="io.qaninja.android.twp" class="android.widget.LinearLayout" text="" checkable="false" checked="false" clickable="false" enabled="true" focusable="false" focused="false" long-clickable="false" password="false" scrollable="false" selected="false" bounds="[0,63][1080,210]" displayed="true"&gt;
                &lt;android.view.ViewGroup index="0" package="io.qaninja.android.twp" class="android.view.ViewGroup" text="" resource-id="io.qaninja.android.twp:id/toolbar" checkable="false" checked="false" clickable="false" enabled="true" focusable="false" focused="false" long-clickable="false" password="false" scrollable="false" selected="false" bounds="[0,63][1080,210]" displayed="true"&gt;
                  &lt;android.widget.RelativeLayout index="0" package="io.qaninja.android.twp" class="android.widget.RelativeLayout" text="" checkable="false" checked="false" clickable="false" enabled="true" focusable="false" focused="false" long-clickable="false" password="false" scrollable="false" selected="false" bounds="[42,63][1080,210]" displayed="true"&gt;
                    &lt;android.widget.ImageView index="0" package="io.qaninja.android.twp" class="android.widget.ImageView" text="" resource-id="io.qaninja.android.twp:id/ivBack" checkable="false" checked="false" clickable="true" enabled="true" focusable="true" focused="false" long-clickable="false" password="false" scrollable="false" selected="false" bounds="[42,73][137,200]" displayed="true" /&gt;
                    &lt;android.widget.TextView index="1" package="io.qaninja.android.twp" class="android.widget.TextView" text="Botão clique simples" resource-id="io.qaninja.android.twp:id/toolbarTitle" checkable="false" checked="false" clickable="false" enabled="true" focusable="false" focused="false" long-clickable="false" password="false" scrollable="false" selected="false" bounds="[137,115][888,158]" displayed="true" /&gt;
                    &lt;android.widget.Button index="2" package="io.qaninja.android.twp" class="android.widget.Button" text="QA NINJA" resource-id="io.qaninja.android.twp:id/btnBuyNowToolbar" checkable="false" checked="false" clickable="true" enabled="true" focusable="true" focused="false" long-clickable="false" password="false" scrollable="false" selected="false" bounds="[888,96][1059,177]" displayed="true" /&gt;
                  &lt;/android.widget.RelativeLayout&gt;
                &lt;/android.view.ViewGroup&gt;
              &lt;/android.widget.LinearLayout&gt;
              &lt;android.widget.FrameLayout index="1" package="io.qaninja.android.twp" class="android.widget.FrameLayout" text="" resource-id="io.qaninja.android.twp:id/fragment" checkable="false" checked="false" clickable="false" enabled="true" focusable="false" focused="false" long-clickable="false" password="false" scrollable="false" selected="false" bounds="[0,210][1080,1794]" displayed="true"&gt;
                &lt;android.view.ViewGroup index="0" package="io.qaninja.android.twp" class="android.view.ViewGroup" text="" resource-id="io.qaninja.android.twp:id/fragment" checkable="false" checked="false" clickable="false" enabled="true" focusable="false" focused="false" long-clickable="false" password="false" scrollable="false" selected="false" bounds="[0,210][1080,1794]" displayed="true"&gt;
                  &lt;android.widget.Button index="0" package="io.qaninja.android.twp" class="android.widget.Button" text="CLIQUE AQUI" resource-id="io.qaninja.android.twp:id/short_click" checkable="false" checked="false" clickable="true" enabled="true" focusable="true" focused="false" long-clickable="false" password="false" scrollable="false" selected="false" bounds="[116,971][964,1097]" displayed="true" /&gt;
                &lt;/android.view.ViewGroup&gt;
              &lt;/android.widget.FrameLayout&gt;
            &lt;/android.view.ViewGroup&gt;
          &lt;/android.widget.FrameLayout&gt;
        &lt;/android.widget.LinearLayout&gt;
      &lt;/android.widget.FrameLayout&gt;
    &lt;/android.widget.LinearLayout&gt;
  &lt;/android.widget.FrameLayout&gt;
&lt;/hierarchy&gt;</msg>
<kw name="Capture Page Screenshot" library="AppiumLibrary">
<doc>Takes a screenshot of the current page and embeds it into the log.</doc>
<msg timestamp="20220424 13:34:46.361" level="INFO" html="true">&lt;/td&gt;&lt;/tr&gt;&lt;tr&gt;&lt;td colspan="3"&gt;&lt;a href="appium-screenshot-1.png"&gt;&lt;img src="appium-screenshot-1.png" width="800px"&gt;&lt;/a&gt;</msg>
<status status="PASS" starttime="20220424 13:34:46.166" endtime="20220424 13:34:46.361"/>
</kw>
<msg timestamp="20220424 13:34:46.362" level="FAIL">Element locator 'xpath=//android.widget.ImageButton[@content-desc="Open navigation drawer"]' did not match any elements after 8 seconds</msg>
<status status="FAIL" starttime="20220424 13:34:37.918" endtime="20220424 13:34:46.362"/>
</kw>
<kw name="Click Element" library="AppiumLibrary">
<arg>${BUT_NAV}</arg>
<doc>Click element identified by `locator`.</doc>
<status status="NOT RUN" starttime="20220424 13:34:46.362" endtime="20220424 13:34:46.362"/>
</kw>
<status status="FAIL" starttime="20220424 13:34:37.917" endtime="20220424 13:34:46.363"/>
</kw>
<kw name="Select Nav Item" library="helpers">
<arg>BOTÕES</arg>
<status status="NOT RUN" starttime="20220424 13:34:46.363" endtime="20220424 13:34:46.363"/>
</kw>
<kw name="Verify Toolbar Title" library="helpers">
<arg>BOTÕES</arg>
<status status="NOT RUN" starttime="20220424 13:34:46.363" endtime="20220424 13:34:46.363"/>
</kw>
<kw name="Click Text" library="AppiumLibrary">
<arg>CLIQUE LONGO</arg>
<doc>Click text identified by ``text``.</doc>
<status status="NOT RUN" starttime="20220424 13:34:46.363" endtime="20220424 13:34:46.363"/>
</kw>
<kw name="Wait Until Page Contains" library="AppiumLibrary">
<arg>CLIQUE LONGO</arg>
<doc>Waits until `text` appears on current page.</doc>
<status status="NOT RUN" starttime="20220424 13:34:46.363" endtime="20220424 13:34:46.363"/>
</kw>
<status status="FAIL" starttime="20220424 13:34:37.917" endtime="20220424 13:34:46.364"/>
</kw>
<kw name="Long Press" library="AppiumLibrary">
<arg>${CLIQUE_LONGO}</arg>
<arg>1000</arg>
<doc>Long press the element with optional duration</doc>
<status status="NOT RUN" starttime="20220424 13:34:46.364" endtime="20220424 13:34:46.364"/>
</kw>
<kw name="Wait Until Page Contains" library="AppiumLibrary">
<arg>CLIQUE LONGO OK</arg>
<doc>Waits until `text` appears on current page.</doc>
<status status="NOT RUN" starttime="20220424 13:34:46.364" endtime="20220424 13:34:46.364"/>
</kw>
<tag>long_press</tag>
<status status="FAIL" starttime="20220424 13:34:37.916" endtime="20220424 13:34:46.365">Element locator 'xpath=//android.widget.ImageButton[@content-desc="Open navigation drawer"]' did not match any elements after 8 seconds</status>
</test>
<kw name="Close Session" library="base" type="TEARDOWN">
<kw name="Capture Page Screenshot" library="AppiumLibrary">
<doc>Takes a screenshot of the current page and embeds it into the log.</doc>
<msg timestamp="20220424 13:34:46.568" level="INFO" html="true">&lt;/td&gt;&lt;/tr&gt;&lt;tr&gt;&lt;td colspan="3"&gt;&lt;a href="appium-screenshot-2.png"&gt;&lt;img src="appium-screenshot-2.png" width="800px"&gt;&lt;/a&gt;</msg>
<status status="PASS" starttime="20220424 13:34:46.366" endtime="20220424 13:34:46.568"/>
</kw>
<kw name="Close Application" library="AppiumLibrary">
<doc>Closes the current application and also close webdriver session.</doc>
<status status="PASS" starttime="20220424 13:34:46.568" endtime="20220424 13:34:47.316"/>
</kw>
<status status="PASS" starttime="20220424 13:34:46.366" endtime="20220424 13:34:47.316"/>
</kw>
<status status="FAIL" starttime="20220424 13:34:16.085" endtime="20220424 13:34:47.317"/>
</suite>
<suite id="s1-s2" name="checkBox" source="C:\Users\pedro.dias\Desktop\Cursos\RobotFrameWork_MobileAndroid\TWP\Tests\checkBox.robot">
<kw name="Open Session" library="base" type="SETUP">
<kw name="Set Appium Timeout" library="AppiumLibrary">
<arg>8</arg>
<doc>Sets the timeout in seconds used by various keywords.</doc>
<status status="PASS" starttime="20220424 13:34:47.333" endtime="20220424 13:34:47.333"/>
</kw>
<kw name="Open Application" library="AppiumLibrary">
<arg>http://localhost:4723/wd/hub</arg>
<arg>automationName=UiAutomator2</arg>
<arg>platformName=Android</arg>
<arg>deviceName=Emulator</arg>
<arg>app=${EXECDIR}/TWP/app/twp.apk</arg>
<doc>Opens a new application to given Appium server.
Capabilities of appium server, Android and iOS,
Please check https://github.com/appium/appium/blob/master/docs/en/writing-running-appium/server-args.md
| *Option*            | *Man.* | *Description*     |
| remote_url          | Yes    | Appium server url |
| alias               | no     | alias             |</doc>
<status status="PASS" starttime="20220424 13:34:47.333" endtime="20220424 13:34:58.989"/>
</kw>
<kw name="Get Started" library="helpers">
<kw name="Wait Until Page Contains" library="AppiumLibrary">
<arg>COMEÇAR</arg>
<doc>Waits until `text` appears on current page.</doc>
<status status="PASS" starttime="20220424 13:34:58.990" endtime="20220424 13:35:03.074"/>
</kw>
<kw name="Click Text" library="AppiumLibrary">
<arg>COMEÇAR</arg>
<doc>Click text identified by ``text``.</doc>
<status status="PASS" starttime="20220424 13:35:03.075" endtime="20220424 13:35:03.613"/>
</kw>
<status status="PASS" starttime="20220424 13:34:58.990" endtime="20220424 13:35:03.614"/>
</kw>
<status status="PASS" starttime="20220424 13:34:47.333" endtime="20220424 13:35:03.614"/>
</kw>
<test id="s1-s2-t1" name="Deve Selecionar a Opção Python" line="16">
<kw name="Set Variable" library="BuiltIn">
<var>@{Lista}</var>
<arg>${CHECKBOX_ROBOTFRAMEWORK}</arg>
<arg>${CHECKBOX_PYTHON}</arg>
<doc>Returns the given values which can then be assigned to a variables.</doc>
<msg timestamp="20220424 13:35:03.616" level="INFO">@{Lista} = [ xpath=//android.widget.CheckBox[contains(@text, 'Robot Framework')] | xpath=//android.widget.CheckBox[contains(@text, 'Python')] ]</msg>
<status status="PASS" starttime="20220424 13:35:03.615" endtime="20220424 13:35:03.616"/>
</kw>
<kw name="Go to Checkboxes Page" library="helpers">
<kw name="Open NAV" library="helpers">
<kw name="Wait Until Element Is Visible" library="AppiumLibrary">
<arg>${BUT_NAV}</arg>
<doc>Waits until element specified with `locator` is visible.</doc>
<status status="PASS" starttime="20220424 13:35:03.616" endtime="20220424 13:35:04.757"/>
</kw>
<kw name="Click Element" library="AppiumLibrary">
<arg>${BUT_NAV}</arg>
<doc>Click element identified by `locator`.</doc>
<msg timestamp="20220424 13:35:04.758" level="INFO">Clicking element 'xpath=//android.widget.ImageButton[@content-desc="Open navigation drawer"]'.</msg>
<status status="PASS" starttime="20220424 13:35:04.757" endtime="20220424 13:35:04.866"/>
</kw>
<status status="PASS" starttime="20220424 13:35:03.616" endtime="20220424 13:35:04.866"/>
</kw>
<kw name="Select Nav Item" library="helpers">
<arg>INPUTS</arg>
<kw name="Wait Until Element Is Visible" library="AppiumLibrary">
<arg>${FRAME_NAV_VIEW}</arg>
<doc>Waits until element specified with `locator` is visible.</doc>
<status status="PASS" starttime="20220424 13:35:04.866" endtime="20220424 13:35:05.814"/>
</kw>
<kw name="Click Text" library="AppiumLibrary">
<arg>${Nav_Item}</arg>
<doc>Click text identified by ``text``.</doc>
<status status="PASS" starttime="20220424 13:35:05.814" endtime="20220424 13:35:06.871"/>
</kw>
<status status="PASS" starttime="20220424 13:35:04.866" endtime="20220424 13:35:06.871"/>
</kw>
<kw name="Verify Toolbar Title" library="helpers">
<arg>INPUTS</arg>
<kw name="Wait Until Element Is Visible" library="AppiumLibrary">
<arg>${TOOLBAR_TITLE}</arg>
<doc>Waits until element specified with `locator` is visible.</doc>
<status status="PASS" starttime="20220424 13:35:06.872" endtime="20220424 13:35:06.895"/>
</kw>
<kw name="Element Text Should Be" library="AppiumLibrary">
<arg>${TOOLBAR_TITLE}</arg>
<arg>${Title}</arg>
<doc>Verifies element identified by ``locator`` exactly contains text ``expected``.</doc>
<msg timestamp="20220424 13:35:06.897" level="INFO">Verifying element 'id=io.qaninja.android.twp:id/toolbarTitle' contains exactly text 'INPUTS'.</msg>
<status status="PASS" starttime="20220424 13:35:06.895" endtime="20220424 13:35:06.928"/>
</kw>
<status status="PASS" starttime="20220424 13:35:06.871" endtime="20220424 13:35:06.928"/>
</kw>
<kw name="Select Checkbox page" library="helpers">
<kw name="Click Text" library="AppiumLibrary">
<arg>CHECKBOX</arg>
<doc>Click text identified by ``text``.</doc>
<status status="PASS" starttime="20220424 13:35:06.928" endtime="20220424 13:35:07.014"/>
</kw>
<kw name="Wait Until Page Contains" library="AppiumLibrary">
<arg>Marque as techs que usam Appium</arg>
<doc>Waits until `text` appears on current page.</doc>
<status status="PASS" starttime="20220424 13:35:07.015" endtime="20220424 13:35:07.837"/>
</kw>
<status status="PASS" starttime="20220424 13:35:06.928" endtime="20220424 13:35:07.837"/>
</kw>
<status status="PASS" starttime="20220424 13:35:03.616" endtime="20220424 13:35:07.837"/>
</kw>
<kw name="Select Checkbox Option" library="helpers">
<arg>@{LISTA}</arg>
<for flavor="IN">
<var>${CheckBox_Option}</var>
<value>@{CheckBox_Option}</value>
<iter>
<var name="${CheckBox_Option}">xpath=//android.widget.CheckBox[contains(@text, 'Robot Framework')]</var>
<kw name="Click Element" library="AppiumLibrary">
<arg>${CheckBox_Option}</arg>
<doc>Click element identified by `locator`.</doc>
<msg timestamp="20220424 13:35:07.839" level="INFO">Clicking element 'xpath=//android.widget.CheckBox[contains(@text, 'Robot Framework')]'.</msg>
<status status="PASS" starttime="20220424 13:35:07.838" endtime="20220424 13:35:07.952"/>
</kw>
<kw name="Wait Until Element Is Visible" library="AppiumLibrary">
<arg>${CHECKBOX_RVCONTAINER}</arg>
<doc>Waits until element specified with `locator` is visible.</doc>
<status status="PASS" starttime="20220424 13:35:07.952" endtime="20220424 13:35:08.859"/>
</kw>
<kw name="Element Attribute Should Match" library="AppiumLibrary">
<arg>${CheckBox_Option}</arg>
<arg>checked</arg>
<arg>true</arg>
<doc>Verify that an attribute of an element matches the expected criteria.</doc>
<msg timestamp="20220424 13:35:08.912" level="INFO">Element 'xpath=//android.widget.CheckBox[contains(@text, 'Robot Framework')]' attribute 'checked' is 'true' </msg>
<status status="PASS" starttime="20220424 13:35:08.860" endtime="20220424 13:35:08.912"/>
</kw>
<status status="PASS" starttime="20220424 13:35:07.838" endtime="20220424 13:35:08.912"/>
</iter>
<iter>
<var name="${CheckBox_Option}">xpath=//android.widget.CheckBox[contains(@text, 'Python')]</var>
<kw name="Click Element" library="AppiumLibrary">
<arg>${CheckBox_Option}</arg>
<doc>Click element identified by `locator`.</doc>
<msg timestamp="20220424 13:35:08.913" level="INFO">Clicking element 'xpath=//android.widget.CheckBox[contains(@text, 'Python')]'.</msg>
<status status="PASS" starttime="20220424 13:35:08.912" endtime="20220424 13:35:09.017"/>
</kw>
<kw name="Wait Until Element Is Visible" library="AppiumLibrary">
<arg>${CHECKBOX_RVCONTAINER}</arg>
<doc>Waits until element specified with `locator` is visible.</doc>
<status status="PASS" starttime="20220424 13:35:09.018" endtime="20220424 13:35:09.957"/>
</kw>
<kw name="Element Attribute Should Match" library="AppiumLibrary">
<arg>${CheckBox_Option}</arg>
<arg>checked</arg>
<arg>true</arg>
<doc>Verify that an attribute of an element matches the expected criteria.</doc>
<msg timestamp="20220424 13:35:10.016" level="INFO">Element 'xpath=//android.widget.CheckBox[contains(@text, 'Python')]' attribute 'checked' is 'true' </msg>
<status status="PASS" starttime="20220424 13:35:09.957" endtime="20220424 13:35:10.016"/>
</kw>
<status status="PASS" starttime="20220424 13:35:08.912" endtime="20220424 13:35:10.016"/>
</iter>
<status status="PASS" starttime="20220424 13:35:07.838" endtime="20220424 13:35:10.016"/>
</for>
<status status="PASS" starttime="20220424 13:35:07.838" endtime="20220424 13:35:10.016"/>
</kw>
<status status="PASS" starttime="20220424 13:35:03.614" endtime="20220424 13:35:10.017"/>
</test>
<kw name="Close Session" library="base" type="TEARDOWN">
<kw name="Capture Page Screenshot" library="AppiumLibrary">
<doc>Takes a screenshot of the current page and embeds it into the log.</doc>
<msg timestamp="20220424 13:35:10.229" level="INFO" html="true">&lt;/td&gt;&lt;/tr&gt;&lt;tr&gt;&lt;td colspan="3"&gt;&lt;a href="appium-screenshot-3.png"&gt;&lt;img src="appium-screenshot-3.png" width="800px"&gt;&lt;/a&gt;</msg>
<status status="PASS" starttime="20220424 13:35:10.019" endtime="20220424 13:35:10.229"/>
</kw>
<kw name="Close Application" library="AppiumLibrary">
<doc>Closes the current application and also close webdriver session.</doc>
<status status="PASS" starttime="20220424 13:35:10.230" endtime="20220424 13:35:11.016"/>
</kw>
<status status="PASS" starttime="20220424 13:35:10.019" endtime="20220424 13:35:11.016"/>
</kw>
<status status="PASS" starttime="20220424 13:34:47.319" endtime="20220424 13:35:11.016"/>
</suite>
<suite id="s1-s3" name="Drag-And-Drop" source="C:\Users\pedro.dias\Desktop\Cursos\RobotFrameWork_MobileAndroid\TWP\Tests\drag-and-drop.robot">
<kw name="Open Session" library="base" type="SETUP">
<kw name="Set Appium Timeout" library="AppiumLibrary">
<arg>8</arg>
<doc>Sets the timeout in seconds used by various keywords.</doc>
<status status="PASS" starttime="20220424 13:35:11.031" endtime="20220424 13:35:11.031"/>
</kw>
<kw name="Open Application" library="AppiumLibrary">
<arg>http://localhost:4723/wd/hub</arg>
<arg>automationName=UiAutomator2</arg>
<arg>platformName=Android</arg>
<arg>deviceName=Emulator</arg>
<arg>app=${EXECDIR}/TWP/app/twp.apk</arg>
<doc>Opens a new application to given Appium server.
Capabilities of appium server, Android and iOS,
Please check https://github.com/appium/appium/blob/master/docs/en/writing-running-appium/server-args.md
| *Option*            | *Man.* | *Description*     |
| remote_url          | Yes    | Appium server url |
| alias               | no     | alias             |</doc>
<status status="PASS" starttime="20220424 13:35:11.031" endtime="20220424 13:35:22.769"/>
</kw>
<kw name="Get Started" library="helpers">
<kw name="Wait Until Page Contains" library="AppiumLibrary">
<arg>COMEÇAR</arg>
<doc>Waits until `text` appears on current page.</doc>
<status status="PASS" starttime="20220424 13:35:22.769" endtime="20220424 13:35:26.777"/>
</kw>
<kw name="Click Text" library="AppiumLibrary">
<arg>COMEÇAR</arg>
<doc>Click text identified by ``text``.</doc>
<status status="PASS" starttime="20220424 13:35:26.777" endtime="20220424 13:35:27.298"/>
</kw>
<status status="PASS" starttime="20220424 13:35:22.769" endtime="20220424 13:35:27.299"/>
</kw>
<status status="PASS" starttime="20220424 13:35:11.031" endtime="20220424 13:35:27.299"/>
</kw>
<test id="s1-s3-t1" name="Deve mover o Hulk o topo da lista" line="14">
<kw name="Go To Avengers LIST Page" library="helpers">
<kw name="Open NAV" library="helpers">
<kw name="Wait Until Element Is Visible" library="AppiumLibrary">
<arg>${BUT_NAV}</arg>
<doc>Waits until element specified with `locator` is visible.</doc>
<status status="PASS" starttime="20220424 13:35:27.301" endtime="20220424 13:35:28.448"/>
</kw>
<kw name="Click Element" library="AppiumLibrary">
<arg>${BUT_NAV}</arg>
<doc>Click element identified by `locator`.</doc>
<msg timestamp="20220424 13:35:28.450" level="INFO">Clicking element 'xpath=//android.widget.ImageButton[@content-desc="Open navigation drawer"]'.</msg>
<status status="PASS" starttime="20220424 13:35:28.448" endtime="20220424 13:35:28.544"/>
</kw>
<status status="PASS" starttime="20220424 13:35:27.300" endtime="20220424 13:35:28.544"/>
</kw>
<kw name="Select Nav Item" library="helpers">
<arg>AVENGERS</arg>
<kw name="Wait Until Element Is Visible" library="AppiumLibrary">
<arg>${FRAME_NAV_VIEW}</arg>
<doc>Waits until element specified with `locator` is visible.</doc>
<status status="PASS" starttime="20220424 13:35:28.544" endtime="20220424 13:35:29.487"/>
</kw>
<kw name="Click Text" library="AppiumLibrary">
<arg>${Nav_Item}</arg>
<doc>Click text identified by ``text``.</doc>
<status status="PASS" starttime="20220424 13:35:29.487" endtime="20220424 13:35:29.605"/>
</kw>
<status status="PASS" starttime="20220424 13:35:28.544" endtime="20220424 13:35:29.605"/>
</kw>
<kw name="Verify Toolbar Title" library="helpers">
<arg>AVENGERS</arg>
<kw name="Wait Until Element Is Visible" library="AppiumLibrary">
<arg>${TOOLBAR_TITLE}</arg>
<doc>Waits until element specified with `locator` is visible.</doc>
<status status="PASS" starttime="20220424 13:35:29.606" endtime="20220424 13:35:30.552"/>
</kw>
<kw name="Element Text Should Be" library="AppiumLibrary">
<arg>${TOOLBAR_TITLE}</arg>
<arg>${Title}</arg>
<doc>Verifies element identified by ``locator`` exactly contains text ``expected``.</doc>
<msg timestamp="20220424 13:35:30.554" level="INFO">Verifying element 'id=io.qaninja.android.twp:id/toolbarTitle' contains exactly text 'AVENGERS'.</msg>
<status status="PASS" starttime="20220424 13:35:30.552" endtime="20220424 13:35:30.579"/>
</kw>
<status status="PASS" starttime="20220424 13:35:29.605" endtime="20220424 13:35:30.579"/>
</kw>
<kw name="Click Text" library="AppiumLibrary">
<arg>LISTA</arg>
<doc>Click text identified by ``text``.</doc>
<status status="PASS" starttime="20220424 13:35:30.579" endtime="20220424 13:35:30.666"/>
</kw>
<kw name="Wait Until Page Contains" library="AppiumLibrary">
<arg>LISTA</arg>
<doc>Waits until `text` appears on current page.</doc>
<status status="PASS" starttime="20220424 13:35:30.666" endtime="20220424 13:35:30.735"/>
</kw>
<status status="PASS" starttime="20220424 13:35:27.299" endtime="20220424 13:35:30.735"/>
</kw>
<kw name="Drag And Drop" library="extend">
<arg>${AVENGERS_LOCATOR}</arg>
<arg>3</arg>
<arg>0</arg>
<status status="PASS" starttime="20220424 13:35:30.736" endtime="20220424 13:35:42.678"/>
</kw>
<kw name="Sleep" library="BuiltIn">
<arg>5</arg>
<doc>Pauses the test executed for the given time.</doc>
<msg timestamp="20220424 13:35:47.686" level="INFO">Slept 5 seconds</msg>
<status status="PASS" starttime="20220424 13:35:42.679" endtime="20220424 13:35:47.686"/>
</kw>
<status status="PASS" starttime="20220424 13:35:27.299" endtime="20220424 13:35:47.687"/>
</test>
<kw name="Close Session" library="base" type="TEARDOWN">
<kw name="Capture Page Screenshot" library="AppiumLibrary">
<doc>Takes a screenshot of the current page and embeds it into the log.</doc>
<msg timestamp="20220424 13:35:47.898" level="INFO" html="true">&lt;/td&gt;&lt;/tr&gt;&lt;tr&gt;&lt;td colspan="3"&gt;&lt;a href="appium-screenshot-4.png"&gt;&lt;img src="appium-screenshot-4.png" width="800px"&gt;&lt;/a&gt;</msg>
<status status="PASS" starttime="20220424 13:35:47.690" endtime="20220424 13:35:47.898"/>
</kw>
<kw name="Close Application" library="AppiumLibrary">
<doc>Closes the current application and also close webdriver session.</doc>
<status status="PASS" starttime="20220424 13:35:47.898" endtime="20220424 13:35:48.684"/>
</kw>
<status status="PASS" starttime="20220424 13:35:47.690" endtime="20220424 13:35:48.684"/>
</kw>
<status status="PASS" starttime="20220424 13:35:11.017" endtime="20220424 13:35:48.684"/>
</suite>
<suite id="s1-s4" name="Home" source="C:\Users\pedro.dias\Desktop\Cursos\RobotFrameWork_MobileAndroid\TWP\Tests\home.robot">
<kw name="Open Session" type="SETUP">
<kw name="Set Appium Timeout" library="AppiumLibrary">
<arg>8</arg>
<doc>Sets the timeout in seconds used by various keywords.</doc>
<status status="PASS" starttime="20220424 13:35:48.696" endtime="20220424 13:35:48.697"/>
</kw>
<kw name="Open Application" library="AppiumLibrary">
<arg>http://localhost:4723/wd/hub</arg>
<arg>automationName=UiAutomator2</arg>
<arg>platformName=Android</arg>
<arg>deviceName=Emulator</arg>
<arg>app=${EXECDIR}/TWP/app/twp.apk</arg>
<doc>Opens a new application to given Appium server.
Capabilities of appium server, Android and iOS,
Please check https://github.com/appium/appium/blob/master/docs/en/writing-running-appium/server-args.md
| *Option*            | *Man.* | *Description*     |
| remote_url          | Yes    | Appium server url |
| alias               | no     | alias             |</doc>
<status status="PASS" starttime="20220424 13:35:48.697" endtime="20220424 13:36:00.526"/>
</kw>
<status status="PASS" starttime="20220424 13:35:48.696" endtime="20220424 13:36:00.526"/>
</kw>
<test id="s1-s4-t1" name="Deve abrir a tela principal" line="10">
<kw name="Wait Until Page Contains" library="AppiumLibrary">
<arg>Training Wheels Protocol</arg>
<doc>Waits until `text` appears on current page.</doc>
<status status="PASS" starttime="20220424 13:36:00.527" endtime="20220424 13:36:04.557"/>
</kw>
<kw name="Wait Until Page Contains" library="AppiumLibrary">
<arg>Mobile Version</arg>
<doc>Waits until `text` appears on current page.</doc>
<status status="PASS" starttime="20220424 13:36:04.558" endtime="20220424 13:36:04.600"/>
</kw>
<status status="PASS" starttime="20220424 13:36:00.526" endtime="20220424 13:36:04.600"/>
</test>
<kw name="Close Session" library="base" type="TEARDOWN">
<kw name="Capture Page Screenshot" library="AppiumLibrary">
<doc>Takes a screenshot of the current page and embeds it into the log.</doc>
<msg timestamp="20220424 13:36:04.813" level="INFO" html="true">&lt;/td&gt;&lt;/tr&gt;&lt;tr&gt;&lt;td colspan="3"&gt;&lt;a href="appium-screenshot-5.png"&gt;&lt;img src="appium-screenshot-5.png" width="800px"&gt;&lt;/a&gt;</msg>
<status status="PASS" starttime="20220424 13:36:04.602" endtime="20220424 13:36:04.813"/>
</kw>
<kw name="Close Application" library="AppiumLibrary">
<doc>Closes the current application and also close webdriver session.</doc>
<status status="PASS" starttime="20220424 13:36:04.813" endtime="20220424 13:36:05.574"/>
</kw>
<status status="PASS" starttime="20220424 13:36:04.602" endtime="20220424 13:36:05.574"/>
</kw>
<status status="PASS" starttime="20220424 13:35:48.685" endtime="20220424 13:36:05.574"/>
</suite>
<suite id="s1-s5" name="Login" source="C:\Users\pedro.dias\Desktop\Cursos\RobotFrameWork_MobileAndroid\TWP\Tests\login.robot">
<kw name="Open Session" library="base" type="SETUP">
<kw name="Set Appium Timeout" library="AppiumLibrary">
<arg>8</arg>
<doc>Sets the timeout in seconds used by various keywords.</doc>
<status status="PASS" starttime="20220424 13:36:05.585" endtime="20220424 13:36:05.585"/>
</kw>
<kw name="Open Application" library="AppiumLibrary">
<arg>http://localhost:4723/wd/hub</arg>
<arg>automationName=UiAutomator2</arg>
<arg>platformName=Android</arg>
<arg>deviceName=Emulator</arg>
<arg>app=${EXECDIR}/TWP/app/twp.apk</arg>
<doc>Opens a new application to given Appium server.
Capabilities of appium server, Android and iOS,
Please check https://github.com/appium/appium/blob/master/docs/en/writing-running-appium/server-args.md
| *Option*            | *Man.* | *Description*     |
| remote_url          | Yes    | Appium server url |
| alias               | no     | alias             |</doc>
<status status="PASS" starttime="20220424 13:36:05.585" endtime="20220424 13:36:17.397"/>
</kw>
<kw name="Get Started" library="helpers">
<kw name="Wait Until Page Contains" library="AppiumLibrary">
<arg>COMEÇAR</arg>
<doc>Waits until `text` appears on current page.</doc>
<status status="PASS" starttime="20220424 13:36:17.397" endtime="20220424 13:36:21.414"/>
</kw>
<kw name="Click Text" library="AppiumLibrary">
<arg>COMEÇAR</arg>
<doc>Click text identified by ``text``.</doc>
<status status="PASS" starttime="20220424 13:36:21.414" endtime="20220424 13:36:21.894"/>
</kw>
<status status="PASS" starttime="20220424 13:36:17.397" endtime="20220424 13:36:21.895"/>
</kw>
<status status="PASS" starttime="20220424 13:36:05.585" endtime="20220424 13:36:21.895"/>
</kw>
<test id="s1-s5-t1" name="Deve logar com sucesso" line="10">
<kw name="Open NAV" library="helpers">
<kw name="Wait Until Element Is Visible" library="AppiumLibrary">
<arg>${BUT_NAV}</arg>
<doc>Waits until element specified with `locator` is visible.</doc>
<status status="PASS" starttime="20220424 13:36:21.896" endtime="20220424 13:36:23.026"/>
</kw>
<kw name="Click Element" library="AppiumLibrary">
<arg>${BUT_NAV}</arg>
<doc>Click element identified by `locator`.</doc>
<msg timestamp="20220424 13:36:23.027" level="INFO">Clicking element 'xpath=//android.widget.ImageButton[@content-desc="Open navigation drawer"]'.</msg>
<status status="PASS" starttime="20220424 13:36:23.026" endtime="20220424 13:36:23.112"/>
</kw>
<status status="PASS" starttime="20220424 13:36:21.896" endtime="20220424 13:36:23.112"/>
</kw>
<kw name="Open Page Item" library="helpers">
<arg>FORMS</arg>
<arg>FORMS</arg>
<kw name="Click Text" library="AppiumLibrary">
<arg>${Page_Item}</arg>
<doc>Click text identified by ``text``.</doc>
<status status="PASS" starttime="20220424 13:36:23.113" endtime="20220424 13:36:25.017"/>
</kw>
<kw name="Wait Until Page Contains" library="AppiumLibrary">
<arg>${Result}</arg>
<doc>Waits until `text` appears on current page.</doc>
<status status="PASS" starttime="20220424 13:36:25.017" endtime="20220424 13:36:25.044"/>
</kw>
<status status="PASS" starttime="20220424 13:36:23.113" endtime="20220424 13:36:25.044"/>
</kw>
<kw name="Open Page Item" library="helpers">
<arg>LOGIN</arg>
<arg>Fala QA, vamos testar o login?</arg>
<kw name="Click Text" library="AppiumLibrary">
<arg>${Page_Item}</arg>
<doc>Click text identified by ``text``.</doc>
<status status="PASS" starttime="20220424 13:36:25.045" endtime="20220424 13:36:25.134"/>
</kw>
<kw name="Wait Until Page Contains" library="AppiumLibrary">
<arg>${Result}</arg>
<doc>Waits until `text` appears on current page.</doc>
<status status="PASS" starttime="20220424 13:36:25.134" endtime="20220424 13:36:26.020"/>
</kw>
<status status="PASS" starttime="20220424 13:36:25.045" endtime="20220424 13:36:26.020"/>
</kw>
<kw name="APP Login" library="helpers">
<arg>eu@papito.io</arg>
<arg>qaninja</arg>
<kw name="Input Text" library="AppiumLibrary">
<arg>${LOGIN_TEXTFIELD_EMAIL}</arg>
<arg>${Email}</arg>
<doc>Types the given `text` into text field identified by `locator`.</doc>
<msg timestamp="20220424 13:36:26.026" level="INFO">Typing text 'eu@papito.io' into text field 'id=io.qaninja.android.twp:id/etEmail'</msg>
<status status="PASS" starttime="20220424 13:36:26.022" endtime="20220424 13:36:26.594"/>
</kw>
<kw name="Input Text" library="AppiumLibrary">
<arg>${LOGIN_TEXTFIELD_SENHA}</arg>
<arg>${Senha}</arg>
<doc>Types the given `text` into text field identified by `locator`.</doc>
<msg timestamp="20220424 13:36:26.595" level="INFO">Typing text 'qaninja' into text field 'id=io.qaninja.android.twp:id/etPassword'</msg>
<status status="PASS" starttime="20220424 13:36:26.594" endtime="20220424 13:36:27.689"/>
</kw>
<kw name="Click Element" library="AppiumLibrary">
<arg>${LOGIN_BTN_ENTRAR}</arg>
<doc>Click element identified by `locator`.</doc>
<msg timestamp="20220424 13:36:27.690" level="INFO">Clicking element 'id=io.qaninja.android.twp:id/btnSubmit'.</msg>
<status status="PASS" starttime="20220424 13:36:27.689" endtime="20220424 13:36:28.246"/>
</kw>
<kw name="Wait Until Page Contains" library="AppiumLibrary">
<arg>Show! Suas credenciais são validas.</arg>
<doc>Waits until `text` appears on current page.</doc>
<status status="PASS" starttime="20220424 13:36:28.246" endtime="20220424 13:36:28.387"/>
</kw>
<status status="PASS" starttime="20220424 13:36:26.021" endtime="20220424 13:36:28.388"/>
</kw>
<status status="PASS" starttime="20220424 13:36:21.895" endtime="20220424 13:36:28.388"/>
</test>
<kw name="Close Session" library="base" type="TEARDOWN">
<kw name="Capture Page Screenshot" library="AppiumLibrary">
<doc>Takes a screenshot of the current page and embeds it into the log.</doc>
<msg timestamp="20220424 13:36:28.694" level="INFO" html="true">&lt;/td&gt;&lt;/tr&gt;&lt;tr&gt;&lt;td colspan="3"&gt;&lt;a href="appium-screenshot-6.png"&gt;&lt;img src="appium-screenshot-6.png" width="800px"&gt;&lt;/a&gt;</msg>
<status status="PASS" starttime="20220424 13:36:28.390" endtime="20220424 13:36:28.694"/>
</kw>
<kw name="Close Application" library="AppiumLibrary">
<doc>Closes the current application and also close webdriver session.</doc>
<status status="PASS" starttime="20220424 13:36:28.694" endtime="20220424 13:36:29.550"/>
</kw>
<status status="PASS" starttime="20220424 13:36:28.390" endtime="20220424 13:36:29.550"/>
</kw>
<status status="PASS" starttime="20220424 13:36:05.575" endtime="20220424 13:36:29.551"/>
</suite>
<suite id="s1-s6" name="Nav" source="C:\Users\pedro.dias\Desktop\Cursos\RobotFrameWork_MobileAndroid\TWP\Tests\nav.robot">
<kw name="Open Session" library="base" type="SETUP">
<kw name="Set Appium Timeout" library="AppiumLibrary">
<arg>8</arg>
<doc>Sets the timeout in seconds used by various keywords.</doc>
<status status="PASS" starttime="20220424 13:36:29.569" endtime="20220424 13:36:29.570"/>
</kw>
<kw name="Open Application" library="AppiumLibrary">
<arg>http://localhost:4723/wd/hub</arg>
<arg>automationName=UiAutomator2</arg>
<arg>platformName=Android</arg>
<arg>deviceName=Emulator</arg>
<arg>app=${EXECDIR}/TWP/app/twp.apk</arg>
<doc>Opens a new application to given Appium server.
Capabilities of appium server, Android and iOS,
Please check https://github.com/appium/appium/blob/master/docs/en/writing-running-appium/server-args.md
| *Option*            | *Man.* | *Description*     |
| remote_url          | Yes    | Appium server url |
| alias               | no     | alias             |</doc>
<status status="PASS" starttime="20220424 13:36:29.570" endtime="20220424 13:36:40.409"/>
</kw>
<kw name="Get Started" library="helpers">
<kw name="Wait Until Page Contains" library="AppiumLibrary">
<arg>COMEÇAR</arg>
<doc>Waits until `text` appears on current page.</doc>
<status status="PASS" starttime="20220424 13:36:40.409" endtime="20220424 13:36:44.422"/>
</kw>
<kw name="Click Text" library="AppiumLibrary">
<arg>COMEÇAR</arg>
<doc>Click text identified by ``text``.</doc>
<status status="PASS" starttime="20220424 13:36:44.422" endtime="20220424 13:36:44.882"/>
</kw>
<status status="PASS" starttime="20220424 13:36:40.409" endtime="20220424 13:36:44.882"/>
</kw>
<status status="PASS" starttime="20220424 13:36:29.569" endtime="20220424 13:36:44.882"/>
</kw>
<test id="s1-s6-t1" name="Deve acessar a tela Dialogs" line="9">
<kw name="Open NAV" library="helpers">
<kw name="Wait Until Element Is Visible" library="AppiumLibrary">
<arg>${BUT_NAV}</arg>
<doc>Waits until element specified with `locator` is visible.</doc>
<status status="PASS" starttime="20220424 13:36:44.883" endtime="20220424 13:36:46.000"/>
</kw>
<kw name="Click Element" library="AppiumLibrary">
<arg>${BUT_NAV}</arg>
<doc>Click element identified by `locator`.</doc>
<msg timestamp="20220424 13:36:46.001" level="INFO">Clicking element 'xpath=//android.widget.ImageButton[@content-desc="Open navigation drawer"]'.</msg>
<status status="PASS" starttime="20220424 13:36:46.000" endtime="20220424 13:36:46.097"/>
</kw>
<status status="PASS" starttime="20220424 13:36:44.883" endtime="20220424 13:36:46.097"/>
</kw>
<kw name="Select Nav Item" library="helpers">
<arg>DIALOGS</arg>
<kw name="Wait Until Element Is Visible" library="AppiumLibrary">
<arg>${FRAME_NAV_VIEW}</arg>
<doc>Waits until element specified with `locator` is visible.</doc>
<status status="PASS" starttime="20220424 13:36:46.097" endtime="20220424 13:36:47.022"/>
</kw>
<kw name="Click Text" library="AppiumLibrary">
<arg>${Nav_Item}</arg>
<doc>Click text identified by ``text``.</doc>
<status status="PASS" starttime="20220424 13:36:47.022" endtime="20220424 13:36:47.125"/>
</kw>
<status status="PASS" starttime="20220424 13:36:46.097" endtime="20220424 13:36:47.125"/>
</kw>
<kw name="Verify Toolbar Title" library="helpers">
<arg>DIALOGS</arg>
<kw name="Wait Until Element Is Visible" library="AppiumLibrary">
<arg>${TOOLBAR_TITLE}</arg>
<doc>Waits until element specified with `locator` is visible.</doc>
<status status="PASS" starttime="20220424 13:36:47.126" endtime="20220424 13:36:48.053"/>
</kw>
<kw name="Element Text Should Be" library="AppiumLibrary">
<arg>${TOOLBAR_TITLE}</arg>
<arg>${Title}</arg>
<doc>Verifies element identified by ``locator`` exactly contains text ``expected``.</doc>
<msg timestamp="20220424 13:36:48.054" level="INFO">Verifying element 'id=io.qaninja.android.twp:id/toolbarTitle' contains exactly text 'DIALOGS'.</msg>
<status status="PASS" starttime="20220424 13:36:48.053" endtime="20220424 13:36:48.079"/>
</kw>
<status status="PASS" starttime="20220424 13:36:47.126" endtime="20220424 13:36:48.079"/>
</kw>
<status status="PASS" starttime="20220424 13:36:44.882" endtime="20220424 13:36:48.079"/>
</test>
<test id="s1-s6-t2" name="Deve acessar a tela Formulários" line="14">
<kw name="Open NAV" library="helpers">
<kw name="Wait Until Element Is Visible" library="AppiumLibrary">
<arg>${BUT_NAV}</arg>
<doc>Waits until element specified with `locator` is visible.</doc>
<status status="PASS" starttime="20220424 13:36:48.080" endtime="20220424 13:36:48.139"/>
</kw>
<kw name="Click Element" library="AppiumLibrary">
<arg>${BUT_NAV}</arg>
<doc>Click element identified by `locator`.</doc>
<msg timestamp="20220424 13:36:48.141" level="INFO">Clicking element 'xpath=//android.widget.ImageButton[@content-desc="Open navigation drawer"]'.</msg>
<status status="PASS" starttime="20220424 13:36:48.140" endtime="20220424 13:36:48.241"/>
</kw>
<status status="PASS" starttime="20220424 13:36:48.080" endtime="20220424 13:36:48.241"/>
</kw>
<kw name="Select Nav Item" library="helpers">
<arg>FORMS</arg>
<kw name="Wait Until Element Is Visible" library="AppiumLibrary">
<arg>${FRAME_NAV_VIEW}</arg>
<doc>Waits until element specified with `locator` is visible.</doc>
<status status="PASS" starttime="20220424 13:36:48.242" endtime="20220424 13:36:49.186"/>
</kw>
<kw name="Click Text" library="AppiumLibrary">
<arg>${Nav_Item}</arg>
<doc>Click text identified by ``text``.</doc>
<status status="PASS" starttime="20220424 13:36:49.186" endtime="20220424 13:36:49.280"/>
</kw>
<status status="PASS" starttime="20220424 13:36:48.241" endtime="20220424 13:36:49.280"/>
</kw>
<kw name="Verify Toolbar Title" library="helpers">
<arg>FORMS</arg>
<kw name="Wait Until Element Is Visible" library="AppiumLibrary">
<arg>${TOOLBAR_TITLE}</arg>
<doc>Waits until element specified with `locator` is visible.</doc>
<status status="PASS" starttime="20220424 13:36:49.281" endtime="20220424 13:36:50.231"/>
</kw>
<kw name="Element Text Should Be" library="AppiumLibrary">
<arg>${TOOLBAR_TITLE}</arg>
<arg>${Title}</arg>
<doc>Verifies element identified by ``locator`` exactly contains text ``expected``.</doc>
<msg timestamp="20220424 13:36:50.232" level="INFO">Verifying element 'id=io.qaninja.android.twp:id/toolbarTitle' contains exactly text 'FORMS'.</msg>
<status status="PASS" starttime="20220424 13:36:50.231" endtime="20220424 13:36:50.262"/>
</kw>
<status status="PASS" starttime="20220424 13:36:49.280" endtime="20220424 13:36:50.263"/>
</kw>
<status status="PASS" starttime="20220424 13:36:48.080" endtime="20220424 13:36:50.263"/>
</test>
<test id="s1-s6-t3" name="Deve acessar a tela Vingadores" line="19">
<kw name="Open NAV" library="helpers">
<kw name="Wait Until Element Is Visible" library="AppiumLibrary">
<arg>${BUT_NAV}</arg>
<doc>Waits until element specified with `locator` is visible.</doc>
<status status="PASS" starttime="20220424 13:36:50.264" endtime="20220424 13:36:50.331"/>
</kw>
<kw name="Click Element" library="AppiumLibrary">
<arg>${BUT_NAV}</arg>
<doc>Click element identified by `locator`.</doc>
<msg timestamp="20220424 13:36:50.332" level="INFO">Clicking element 'xpath=//android.widget.ImageButton[@content-desc="Open navigation drawer"]'.</msg>
<status status="PASS" starttime="20220424 13:36:50.331" endtime="20220424 13:36:50.450"/>
</kw>
<status status="PASS" starttime="20220424 13:36:50.264" endtime="20220424 13:36:50.450"/>
</kw>
<kw name="Select Nav Item" library="helpers">
<arg>AVENGERS</arg>
<kw name="Wait Until Element Is Visible" library="AppiumLibrary">
<arg>${FRAME_NAV_VIEW}</arg>
<doc>Waits until element specified with `locator` is visible.</doc>
<status status="PASS" starttime="20220424 13:36:50.452" endtime="20220424 13:36:51.415"/>
</kw>
<kw name="Click Text" library="AppiumLibrary">
<arg>${Nav_Item}</arg>
<doc>Click text identified by ``text``.</doc>
<status status="PASS" starttime="20220424 13:36:51.415" endtime="20220424 13:36:51.526"/>
</kw>
<status status="PASS" starttime="20220424 13:36:50.451" endtime="20220424 13:36:51.527"/>
</kw>
<kw name="Verify Toolbar Title" library="helpers">
<arg>AVENGERS</arg>
<kw name="Wait Until Element Is Visible" library="AppiumLibrary">
<arg>${TOOLBAR_TITLE}</arg>
<doc>Waits until element specified with `locator` is visible.</doc>
<status status="PASS" starttime="20220424 13:36:51.527" endtime="20220424 13:36:52.467"/>
</kw>
<kw name="Element Text Should Be" library="AppiumLibrary">
<arg>${TOOLBAR_TITLE}</arg>
<arg>${Title}</arg>
<doc>Verifies element identified by ``locator`` exactly contains text ``expected``.</doc>
<msg timestamp="20220424 13:36:52.469" level="INFO">Verifying element 'id=io.qaninja.android.twp:id/toolbarTitle' contains exactly text 'AVENGERS'.</msg>
<status status="PASS" starttime="20220424 13:36:52.468" endtime="20220424 13:36:52.495"/>
</kw>
<status status="PASS" starttime="20220424 13:36:51.527" endtime="20220424 13:36:52.495"/>
</kw>
<status status="PASS" starttime="20220424 13:36:50.264" endtime="20220424 13:36:52.495"/>
</test>
<test id="s1-s6-t4" name="Deve acessar a tela Radio Buttons" line="24">
<kw name="Open NAV" library="helpers">
<kw name="Wait Until Element Is Visible" library="AppiumLibrary">
<arg>${BUT_NAV}</arg>
<doc>Waits until element specified with `locator` is visible.</doc>
<status status="PASS" starttime="20220424 13:36:52.497" endtime="20220424 13:36:52.537"/>
</kw>
<kw name="Click Element" library="AppiumLibrary">
<arg>${BUT_NAV}</arg>
<doc>Click element identified by `locator`.</doc>
<msg timestamp="20220424 13:36:52.539" level="INFO">Clicking element 'xpath=//android.widget.ImageButton[@content-desc="Open navigation drawer"]'.</msg>
<status status="PASS" starttime="20220424 13:36:52.537" endtime="20220424 13:36:52.622"/>
</kw>
<status status="PASS" starttime="20220424 13:36:52.497" endtime="20220424 13:36:52.622"/>
</kw>
<kw name="Select Nav Item" library="helpers">
<arg>INPUTS</arg>
<kw name="Wait Until Element Is Visible" library="AppiumLibrary">
<arg>${FRAME_NAV_VIEW}</arg>
<doc>Waits until element specified with `locator` is visible.</doc>
<status status="PASS" starttime="20220424 13:36:52.623" endtime="20220424 13:36:53.566"/>
</kw>
<kw name="Click Text" library="AppiumLibrary">
<arg>${Nav_Item}</arg>
<doc>Click text identified by ``text``.</doc>
<status status="PASS" starttime="20220424 13:36:53.567" endtime="20220424 13:36:53.679"/>
</kw>
<status status="PASS" starttime="20220424 13:36:52.623" endtime="20220424 13:36:53.679"/>
</kw>
<kw name="Verify Toolbar Title" library="helpers">
<arg>INPUTS</arg>
<kw name="Wait Until Element Is Visible" library="AppiumLibrary">
<arg>${TOOLBAR_TITLE}</arg>
<doc>Waits until element specified with `locator` is visible.</doc>
<status status="PASS" starttime="20220424 13:36:53.680" endtime="20220424 13:36:54.600"/>
</kw>
<kw name="Element Text Should Be" library="AppiumLibrary">
<arg>${TOOLBAR_TITLE}</arg>
<arg>${Title}</arg>
<doc>Verifies element identified by ``locator`` exactly contains text ``expected``.</doc>
<msg timestamp="20220424 13:36:54.601" level="INFO">Verifying element 'id=io.qaninja.android.twp:id/toolbarTitle' contains exactly text 'INPUTS'.</msg>
<status status="PASS" starttime="20220424 13:36:54.600" endtime="20220424 13:36:54.624"/>
</kw>
<status status="PASS" starttime="20220424 13:36:53.680" endtime="20220424 13:36:54.624"/>
</kw>
<kw name="Select Radio Button page" library="helpers">
<kw name="Click Text" library="AppiumLibrary">
<arg>BOTÕES DE RADIO</arg>
<doc>Click text identified by ``text``.</doc>
<status status="PASS" starttime="20220424 13:36:54.625" endtime="20220424 13:36:54.693"/>
</kw>
<kw name="Wait Until Page Contains" library="AppiumLibrary">
<arg>Escolha sua linguagem preferida</arg>
<doc>Waits until `text` appears on current page.</doc>
<status status="PASS" starttime="20220424 13:36:54.693" endtime="20220424 13:36:55.525"/>
</kw>
<status status="PASS" starttime="20220424 13:36:54.625" endtime="20220424 13:36:55.525"/>
</kw>
<status status="PASS" starttime="20220424 13:36:52.497" endtime="20220424 13:36:55.525"/>
</test>
<kw name="Close Session" library="base" type="TEARDOWN">
<kw name="Capture Page Screenshot" library="AppiumLibrary">
<doc>Takes a screenshot of the current page and embeds it into the log.</doc>
<msg timestamp="20220424 13:36:55.741" level="INFO" html="true">&lt;/td&gt;&lt;/tr&gt;&lt;tr&gt;&lt;td colspan="3"&gt;&lt;a href="appium-screenshot-7.png"&gt;&lt;img src="appium-screenshot-7.png" width="800px"&gt;&lt;/a&gt;</msg>
<status status="PASS" starttime="20220424 13:36:55.527" endtime="20220424 13:36:55.741"/>
</kw>
<kw name="Close Application" library="AppiumLibrary">
<doc>Closes the current application and also close webdriver session.</doc>
<status status="PASS" starttime="20220424 13:36:55.741" endtime="20220424 13:36:56.413"/>
</kw>
<status status="PASS" starttime="20220424 13:36:55.527" endtime="20220424 13:36:56.413"/>
</kw>
<status status="PASS" starttime="20220424 13:36:29.553" endtime="20220424 13:36:56.413"/>
</suite>
<suite id="s1-s7" name="radioButton" source="C:\Users\pedro.dias\Desktop\Cursos\RobotFrameWork_MobileAndroid\TWP\Tests\radioButton.robot">
<kw name="Open Session" library="base" type="SETUP">
<kw name="Set Appium Timeout" library="AppiumLibrary">
<arg>8</arg>
<doc>Sets the timeout in seconds used by various keywords.</doc>
<status status="PASS" starttime="20220424 13:36:56.435" endtime="20220424 13:36:56.436"/>
</kw>
<kw name="Open Application" library="AppiumLibrary">
<arg>http://localhost:4723/wd/hub</arg>
<arg>automationName=UiAutomator2</arg>
<arg>platformName=Android</arg>
<arg>deviceName=Emulator</arg>
<arg>app=${EXECDIR}/TWP/app/twp.apk</arg>
<doc>Opens a new application to given Appium server.
Capabilities of appium server, Android and iOS,
Please check https://github.com/appium/appium/blob/master/docs/en/writing-running-appium/server-args.md
| *Option*            | *Man.* | *Description*     |
| remote_url          | Yes    | Appium server url |
| alias               | no     | alias             |</doc>
<status status="PASS" starttime="20220424 13:36:56.436" endtime="20220424 13:37:06.993"/>
</kw>
<kw name="Get Started" library="helpers">
<kw name="Wait Until Page Contains" library="AppiumLibrary">
<arg>COMEÇAR</arg>
<doc>Waits until `text` appears on current page.</doc>
<status status="PASS" starttime="20220424 13:37:06.994" endtime="20220424 13:37:11.115"/>
</kw>
<kw name="Click Text" library="AppiumLibrary">
<arg>COMEÇAR</arg>
<doc>Click text identified by ``text``.</doc>
<status status="PASS" starttime="20220424 13:37:11.115" endtime="20220424 13:37:11.557"/>
</kw>
<status status="PASS" starttime="20220424 13:37:06.994" endtime="20220424 13:37:11.558"/>
</kw>
<status status="PASS" starttime="20220424 13:36:56.434" endtime="20220424 13:37:11.558"/>
</kw>
<test id="s1-s7-t1" name="Deve Selecionar a Opção Python" line="13">
<kw name="Go to Radio Buttons Page" library="helpers">
<kw name="Open NAV" library="helpers">
<kw name="Wait Until Element Is Visible" library="AppiumLibrary">
<arg>${BUT_NAV}</arg>
<doc>Waits until element specified with `locator` is visible.</doc>
<status status="PASS" starttime="20220424 13:37:11.560" endtime="20220424 13:37:12.732"/>
</kw>
<kw name="Click Element" library="AppiumLibrary">
<arg>${BUT_NAV}</arg>
<doc>Click element identified by `locator`.</doc>
<msg timestamp="20220424 13:37:12.734" level="INFO">Clicking element 'xpath=//android.widget.ImageButton[@content-desc="Open navigation drawer"]'.</msg>
<status status="PASS" starttime="20220424 13:37:12.732" endtime="20220424 13:37:12.830"/>
</kw>
<status status="PASS" starttime="20220424 13:37:11.559" endtime="20220424 13:37:12.830"/>
</kw>
<kw name="Select Nav Item" library="helpers">
<arg>INPUTS</arg>
<kw name="Wait Until Element Is Visible" library="AppiumLibrary">
<arg>${FRAME_NAV_VIEW}</arg>
<doc>Waits until element specified with `locator` is visible.</doc>
<status status="PASS" starttime="20220424 13:37:12.831" endtime="20220424 13:37:13.772"/>
</kw>
<kw name="Click Text" library="AppiumLibrary">
<arg>${Nav_Item}</arg>
<doc>Click text identified by ``text``.</doc>
<status status="PASS" starttime="20220424 13:37:13.773" endtime="20220424 13:37:13.874"/>
</kw>
<status status="PASS" starttime="20220424 13:37:12.830" endtime="20220424 13:37:13.874"/>
</kw>
<kw name="Verify Toolbar Title" library="helpers">
<arg>INPUTS</arg>
<kw name="Wait Until Element Is Visible" library="AppiumLibrary">
<arg>${TOOLBAR_TITLE}</arg>
<doc>Waits until element specified with `locator` is visible.</doc>
<status status="PASS" starttime="20220424 13:37:13.875" endtime="20220424 13:37:14.817"/>
</kw>
<kw name="Element Text Should Be" library="AppiumLibrary">
<arg>${TOOLBAR_TITLE}</arg>
<arg>${Title}</arg>
<doc>Verifies element identified by ``locator`` exactly contains text ``expected``.</doc>
<msg timestamp="20220424 13:37:14.819" level="INFO">Verifying element 'id=io.qaninja.android.twp:id/toolbarTitle' contains exactly text 'INPUTS'.</msg>
<status status="PASS" starttime="20220424 13:37:14.818" endtime="20220424 13:37:14.843"/>
</kw>
<status status="PASS" starttime="20220424 13:37:13.874" endtime="20220424 13:37:14.843"/>
</kw>
<kw name="Select Radio Button page" library="helpers">
<kw name="Click Text" library="AppiumLibrary">
<arg>BOTÕES DE RADIO</arg>
<doc>Click text identified by ``text``.</doc>
<status status="PASS" starttime="20220424 13:37:14.843" endtime="20220424 13:37:14.928"/>
</kw>
<kw name="Wait Until Page Contains" library="AppiumLibrary">
<arg>Escolha sua linguagem preferida</arg>
<doc>Waits until `text` appears on current page.</doc>
<status status="PASS" starttime="20220424 13:37:14.928" endtime="20220424 13:37:15.756"/>
</kw>
<status status="PASS" starttime="20220424 13:37:14.843" endtime="20220424 13:37:15.756"/>
</kw>
<status status="PASS" starttime="20220424 13:37:11.559" endtime="20220424 13:37:15.756"/>
</kw>
<kw name="Select Radio Button Option" library="helpers">
<arg>${RADIOBTN_PYTHON}</arg>
<kw name="Click Element" library="AppiumLibrary">
<arg>${RadioBTN_Option}</arg>
<doc>Click element identified by `locator`.</doc>
<msg timestamp="20220424 13:37:15.759" level="INFO">Clicking element 'xpath=//android.widget.RadioButton[contains(@text, 'Python')]'.</msg>
<status status="PASS" starttime="20220424 13:37:15.758" endtime="20220424 13:37:15.840"/>
</kw>
<kw name="Wait Until Element Is Visible" library="AppiumLibrary">
<arg>${RadioBTN_Option}</arg>
<doc>Waits until element specified with `locator` is visible.</doc>
<status status="PASS" starttime="20220424 13:37:15.840" endtime="20220424 13:37:16.464"/>
</kw>
<kw name="Element Attribute Should Match" library="AppiumLibrary">
<arg>${RadioBTN_Option}</arg>
<arg>checked</arg>
<arg>true</arg>
<doc>Verify that an attribute of an element matches the expected criteria.</doc>
<msg timestamp="20220424 13:37:16.510" level="INFO">Element 'xpath=//android.widget.RadioButton[contains(@text, 'Python')]' attribute 'checked' is 'true' </msg>
<status status="PASS" starttime="20220424 13:37:16.464" endtime="20220424 13:37:16.510"/>
</kw>
<status status="PASS" starttime="20220424 13:37:15.757" endtime="20220424 13:37:16.510"/>
</kw>
<status status="PASS" starttime="20220424 13:37:11.558" endtime="20220424 13:37:16.510"/>
</test>
<kw name="Close Session" library="base" type="TEARDOWN">
<kw name="Capture Page Screenshot" library="AppiumLibrary">
<doc>Takes a screenshot of the current page and embeds it into the log.</doc>
<msg timestamp="20220424 13:37:16.697" level="INFO" html="true">&lt;/td&gt;&lt;/tr&gt;&lt;tr&gt;&lt;td colspan="3"&gt;&lt;a href="appium-screenshot-8.png"&gt;&lt;img src="appium-screenshot-8.png" width="800px"&gt;&lt;/a&gt;</msg>
<status status="PASS" starttime="20220424 13:37:16.512" endtime="20220424 13:37:16.698"/>
</kw>
<kw name="Close Application" library="AppiumLibrary">
<doc>Closes the current application and also close webdriver session.</doc>
<status status="PASS" starttime="20220424 13:37:16.698" endtime="20220424 13:37:17.198"/>
</kw>
<status status="PASS" starttime="20220424 13:37:16.512" endtime="20220424 13:37:17.198"/>
</kw>
<status status="PASS" starttime="20220424 13:36:56.416" endtime="20220424 13:37:17.198"/>
</suite>
<suite id="s1-s8" name="Spinner" source="C:\Users\pedro.dias\Desktop\Cursos\RobotFrameWork_MobileAndroid\TWP\Tests\spinner.robot">
<kw name="Open Session" library="base" type="SETUP">
<kw name="Set Appium Timeout" library="AppiumLibrary">
<arg>8</arg>
<doc>Sets the timeout in seconds used by various keywords.</doc>
<status status="PASS" starttime="20220424 13:37:17.216" endtime="20220424 13:37:17.216"/>
</kw>
<kw name="Open Application" library="AppiumLibrary">
<arg>http://localhost:4723/wd/hub</arg>
<arg>automationName=UiAutomator2</arg>
<arg>platformName=Android</arg>
<arg>deviceName=Emulator</arg>
<arg>app=${EXECDIR}/TWP/app/twp.apk</arg>
<doc>Opens a new application to given Appium server.
Capabilities of appium server, Android and iOS,
Please check https://github.com/appium/appium/blob/master/docs/en/writing-running-appium/server-args.md
| *Option*            | *Man.* | *Description*     |
| remote_url          | Yes    | Appium server url |
| alias               | no     | alias             |</doc>
<status status="PASS" starttime="20220424 13:37:17.216" endtime="20220424 13:37:27.875"/>
</kw>
<kw name="Get Started" library="helpers">
<kw name="Wait Until Page Contains" library="AppiumLibrary">
<arg>COMEÇAR</arg>
<doc>Waits until `text` appears on current page.</doc>
<status status="PASS" starttime="20220424 13:37:27.875" endtime="20220424 13:37:31.971"/>
</kw>
<kw name="Click Text" library="AppiumLibrary">
<arg>COMEÇAR</arg>
<doc>Click text identified by ``text``.</doc>
<status status="PASS" starttime="20220424 13:37:31.972" endtime="20220424 13:37:32.426"/>
</kw>
<status status="PASS" starttime="20220424 13:37:27.875" endtime="20220424 13:37:32.427"/>
</kw>
<status status="PASS" starttime="20220424 13:37:17.216" endtime="20220424 13:37:32.427"/>
</kw>
<test id="s1-s8-t1" name="Deve selecionar o Perfil QA no Formulário de CADASTRO" line="13">
<kw name="Go To SignUp Page" library="helpers">
<kw name="Open NAV" library="helpers">
<kw name="Wait Until Element Is Visible" library="AppiumLibrary">
<arg>${BUT_NAV}</arg>
<doc>Waits until element specified with `locator` is visible.</doc>
<status status="PASS" starttime="20220424 13:37:32.429" endtime="20220424 13:37:33.582"/>
</kw>
<kw name="Click Element" library="AppiumLibrary">
<arg>${BUT_NAV}</arg>
<doc>Click element identified by `locator`.</doc>
<msg timestamp="20220424 13:37:33.584" level="INFO">Clicking element 'xpath=//android.widget.ImageButton[@content-desc="Open navigation drawer"]'.</msg>
<status status="PASS" starttime="20220424 13:37:33.582" endtime="20220424 13:37:33.673"/>
</kw>
<status status="PASS" starttime="20220424 13:37:32.428" endtime="20220424 13:37:33.673"/>
</kw>
<kw name="Select Nav Item" library="helpers">
<arg>FORMS</arg>
<kw name="Wait Until Element Is Visible" library="AppiumLibrary">
<arg>${FRAME_NAV_VIEW}</arg>
<doc>Waits until element specified with `locator` is visible.</doc>
<status status="PASS" starttime="20220424 13:37:33.674" endtime="20220424 13:37:34.629"/>
</kw>
<kw name="Click Text" library="AppiumLibrary">
<arg>${Nav_Item}</arg>
<doc>Click text identified by ``text``.</doc>
<status status="PASS" starttime="20220424 13:37:34.629" endtime="20220424 13:37:34.731"/>
</kw>
<status status="PASS" starttime="20220424 13:37:33.673" endtime="20220424 13:37:34.731"/>
</kw>
<kw name="Verify Toolbar Title" library="helpers">
<arg>FORMS</arg>
<kw name="Wait Until Element Is Visible" library="AppiumLibrary">
<arg>${TOOLBAR_TITLE}</arg>
<doc>Waits until element specified with `locator` is visible.</doc>
<status status="PASS" starttime="20220424 13:37:34.731" endtime="20220424 13:37:35.670"/>
</kw>
<kw name="Element Text Should Be" library="AppiumLibrary">
<arg>${TOOLBAR_TITLE}</arg>
<arg>${Title}</arg>
<doc>Verifies element identified by ``locator`` exactly contains text ``expected``.</doc>
<msg timestamp="20220424 13:37:35.673" level="INFO">Verifying element 'id=io.qaninja.android.twp:id/toolbarTitle' contains exactly text 'FORMS'.</msg>
<status status="PASS" starttime="20220424 13:37:35.670" endtime="20220424 13:37:35.697"/>
</kw>
<status status="PASS" starttime="20220424 13:37:34.731" endtime="20220424 13:37:35.697"/>
</kw>
<kw name="Click Text" library="AppiumLibrary">
<arg>CADASTRO</arg>
<doc>Click text identified by ``text``.</doc>
<status status="PASS" starttime="20220424 13:37:35.697" endtime="20220424 13:37:35.772"/>
</kw>
<kw name="Wait Until Page Contains" library="AppiumLibrary">
<arg>Bem-vindo, crie sua conta.</arg>
<doc>Waits until `text` appears on current page.</doc>
<status status="PASS" starttime="20220424 13:37:35.772" endtime="20220424 13:37:36.638"/>
</kw>
<status status="PASS" starttime="20220424 13:37:32.428" endtime="20220424 13:37:36.638"/>
</kw>
<kw name="Choice Job on SignUp Form" library="helpers">
<arg>QA</arg>
<kw name="Click Element" library="AppiumLibrary">
<arg>${SIGNUP_SPINNER}</arg>
<doc>Click element identified by `locator`.</doc>
<msg timestamp="20220424 13:37:36.640" level="INFO">Clicking element 'id=io.qaninja.android.twp:id/spinnerJob'.</msg>
<status status="PASS" starttime="20220424 13:37:36.639" endtime="20220424 13:37:36.708"/>
</kw>
<kw name="Wait Until Element Is Visible" library="AppiumLibrary">
<arg>${SIGNUP_LIST_OPTIONS}</arg>
<doc>Waits until element specified with `locator` is visible.</doc>
<status status="PASS" starttime="20220424 13:37:36.708" endtime="20220424 13:37:37.728"/>
</kw>
<kw name="Click Text" library="AppiumLibrary">
<arg>${target}</arg>
<doc>Click text identified by ``text``.</doc>
<status status="PASS" starttime="20220424 13:37:37.729" endtime="20220424 13:37:38.520"/>
</kw>
<status status="PASS" starttime="20220424 13:37:36.638" endtime="20220424 13:37:38.520"/>
</kw>
<status status="PASS" starttime="20220424 13:37:32.427" endtime="20220424 13:37:38.520"/>
</test>
<test id="s1-s8-t2" name="Deve selecionar o Perfil DevOps no Formulário de CADASTRO" line="17">
<kw name="Go To SignUp Page" library="helpers">
<kw name="Open NAV" library="helpers">
<kw name="Wait Until Element Is Visible" library="AppiumLibrary">
<arg>${BUT_NAV}</arg>
<doc>Waits until element specified with `locator` is visible.</doc>
<msg timestamp="20220424 13:37:46.684" level="INFO">&lt;?xml version='1.0' encoding='UTF-8' standalone='yes' ?&gt;
&lt;hierarchy index="0" class="hierarchy" rotation="0" width="1080" height="1794"&gt;
  &lt;android.widget.FrameLayout index="0" package="io.qaninja.android.twp" class="android.widget.FrameLayout" text="" checkable="false" checked="false" clickable="false" enabled="true" focusable="false" focused="false" long-clickable="false" password="false" scrollable="false" selected="false" bounds="[0,0][1080,1794]" displayed="true"&gt;
    &lt;android.widget.LinearLayout index="0" package="io.qaninja.android.twp" class="android.widget.LinearLayout" text="" checkable="false" checked="false" clickable="false" enabled="true" focusable="false" focused="false" long-clickable="false" password="false" scrollable="false" selected="false" bounds="[0,0][1080,1794]" displayed="true"&gt;
      &lt;android.widget.FrameLayout index="0" package="io.qaninja.android.twp" class="android.widget.FrameLayout" text="" checkable="false" checked="false" clickable="false" enabled="true" focusable="false" focused="false" long-clickable="false" password="false" scrollable="false" selected="false" bounds="[0,0][1080,1794]" displayed="true"&gt;
        &lt;android.widget.LinearLayout index="0" package="io.qaninja.android.twp" class="android.widget.LinearLayout" text="" resource-id="io.qaninja.android.twp:id/action_bar_root" checkable="false" checked="false" clickable="false" enabled="true" focusable="false" focused="false" long-clickable="false" password="false" scrollable="false" selected="false" bounds="[0,0][1080,1794]" displayed="true"&gt;
          &lt;android.widget.FrameLayout index="0" package="io.qaninja.android.twp" class="android.widget.FrameLayout" text="" resource-id="android:id/content" checkable="false" checked="false" clickable="false" enabled="true" focusable="false" focused="false" long-clickable="false" password="false" scrollable="false" selected="false" bounds="[0,0][1080,1794]" displayed="true"&gt;
            &lt;android.view.ViewGroup index="0" package="io.qaninja.android.twp" class="android.view.ViewGroup" text="" checkable="false" checked="false" clickable="false" enabled="true" focusable="false" focused="false" long-clickable="false" password="false" scrollable="false" selected="false" bounds="[0,0][1080,1794]" displayed="true"&gt;
              &lt;android.widget.LinearLayout index="0" package="io.qaninja.android.twp" class="android.widget.LinearLayout" text="" checkable="false" checked="false" clickable="false" enabled="true" focusable="false" focused="false" long-clickable="false" password="false" scrollable="false" selected="false" bounds="[0,63][1080,210]" displayed="true"&gt;
                &lt;android.view.ViewGroup index="0" package="io.qaninja.android.twp" class="android.view.ViewGroup" text="" resource-id="io.qaninja.android.twp:id/toolbar" checkable="false" checked="false" clickable="false" enabled="true" focusable="false" focused="false" long-clickable="false" password="false" scrollable="false" selected="false" bounds="[0,63][1080,210]" displayed="true"&gt;
                  &lt;android.widget.RelativeLayout index="0" package="io.qaninja.android.twp" class="android.widget.RelativeLayout" text="" checkable="false" checked="false" clickable="false" enabled="true" focusable="false" focused="false" long-clickable="false" password="false" scrollable="false" selected="false" bounds="[42,63][1080,210]" displayed="true"&gt;
                    &lt;android.widget.ImageView index="0" package="io.qaninja.android.twp" class="android.widget.ImageView" text="" resource-id="io.qaninja.android.twp:id/ivBack" checkable="false" checked="false" clickable="true" enabled="true" focusable="true" focused="false" long-clickable="false" password="false" scrollable="false" selected="false" bounds="[42,73][137,200]" displayed="true" /&gt;
                    &lt;android.widget.TextView index="1" package="io.qaninja.android.twp" class="android.widget.TextView" text="Cadastro" resource-id="io.qaninja.android.twp:id/toolbarTitle" checkable="false" checked="false" clickable="false" enabled="true" focusable="false" focused="false" long-clickable="false" password="false" scrollable="false" selected="false" bounds="[137,115][888,158]" displayed="true" /&gt;
                    &lt;android.widget.Button index="2" package="io.qaninja.android.twp" class="android.widget.Button" text="QA NINJA" resource-id="io.qaninja.android.twp:id/btnBuyNowToolbar" checkable="false" checked="false" clickable="true" enabled="true" focusable="true" focused="false" long-clickable="false" password="false" scrollable="false" selected="false" bounds="[888,96][1059,177]" displayed="true" /&gt;
                  &lt;/android.widget.RelativeLayout&gt;
                &lt;/android.view.ViewGroup&gt;
              &lt;/android.widget.LinearLayout&gt;
              &lt;android.widget.FrameLayout index="1" package="io.qaninja.android.twp" class="android.widget.FrameLayout" text="" resource-id="io.qaninja.android.twp:id/fragment" checkable="false" checked="false" clickable="false" enabled="true" focusable="false" focused="false" long-clickable="false" password="false" scrollable="false" selected="false" bounds="[0,210][1080,1794]" displayed="true"&gt;
                &lt;android.widget.ScrollView index="0" package="io.qaninja.android.twp" class="android.widget.ScrollView" text="" checkable="false" checked="false" clickable="false" enabled="true" focusable="true" focused="false" long-clickable="false" password="false" scrollable="false" selected="false" bounds="[0,210][1080,1794]" displayed="true"&gt;
                  &lt;android.view.ViewGroup index="0" package="io.qaninja.android.twp" class="android.view.ViewGroup" text="" resource-id="io.qaninja.android.twp:id/backgroundView" checkable="false" checked="false" clickable="false" enabled="true" focusable="false" focused="false" long-clickable="false" password="false" scrollable="false" selected="false" bounds="[0,210][1080,1794]" displayed="true"&gt;
                    &lt;android.widget.TextView index="0" package="io.qaninja.android.twp" class="android.widget.TextView" text="Bem-vindo, crie sua conta." resource-id="io.qaninja.android.twp:id/dialogInfoTitle" checkable="false" checked="false" clickable="false" enabled="true" focusable="false" focused="false" long-clickable="false" password="false" scrollable="false" selected="false" bounds="[84,294][996,543]" displayed="true" /&gt;
                    &lt;android.widget.LinearLayout index="1" package="io.qaninja.android.twp" class="android.widget.LinearLayout" text="" resource-id="io.qaninja.android.twp:id/tvUsernameLayout" checkable="false" checked="false" clickable="false" enabled="true" focusable="false" focused="false" long-clickable="false" password="false" scrollable="false" selected="false" bounds="[84,753][996,945]" displayed="true"&gt;
                      &lt;android.widget.FrameLayout index="0" package="io.qaninja.android.twp" class="android.widget.FrameLayout" text="" checkable="false" checked="false" clickable="false" enabled="true" focusable="false" focused="false" long-clickable="false" password="false" scrollable="false" selected="false" bounds="[84,782][996,894]" displayed="true"&gt;
                        &lt;android.widget.EditText index="0" package="io.qaninja.android.twp" class="android.widget.EditText" text="Nome" resource-id="io.qaninja.android.twp:id/etUsername" checkable="false" checked="false" clickable="true" enabled="true" focusable="true" focused="false" long-clickable="true" password="false" scrollable="false" selected="false" bounds="[84,782][996,894]" displayed="true" /&gt;
                      &lt;/android.widget.FrameLayout&gt;
                      &lt;android.widget.LinearLayout index="1" package="io.qaninja.android.twp" class="android.widget.LinearLayout" text="" checkable="false" checked="false" clickable="false" enabled="true" focusable="false" focused="false" long-clickable="false" password="false" scrollable="false" selected="false" bounds="[84,894][996,945]" displayed="true" /&gt;
                    &lt;/android.widget.LinearLayout&gt;
                    &lt;android.widget.LinearLayout index="2" package="io.qaninja.android.twp" class="android.widget.LinearLayout" text="" resource-id="io.qaninja.android.twp:id/tvEmailLayout" checkable="false" checked="false" clickable="false" enabled="true" focusable="false" focused="false" long-clickable="false" password="false" scrollable="false" selected="false" bounds="[84,945][996,1137]" displayed="true"&gt;
                      &lt;android.widget.FrameLayout index="0" package="io.qaninja.android.twp" class="android.widget.FrameLayout" text="" checkable="false" checked="false" clickable="false" enabled="true" focusable="false" focused="false" long-clickable="false" password="false" scrollable="false" selected="false" bounds="[84,974][996,1086]" displayed="true"&gt;
                        &lt;android.widget.EditText index="0" package="io.qaninja.android.twp" class="android.widget.EditText" text="Email" resource-id="io.qaninja.android.twp:id/etEmail" checkable="false" checked="false" clickable="true" enabled="true" focusable="true" focused="false" long-clickable="true" password="false" scrollable="false" selected="false" bounds="[84,974][996,1086]" displayed="true" /&gt;
                      &lt;/android.widget.FrameLayout&gt;
                      &lt;android.widget.LinearLayout index="1" package="io.qaninja.android.twp" class="android.widget.LinearLayout" text="" checkable="false" checked="false" clickable="false" enabled="true" focusable="false" focused="false" long-clickable="false" password="false" scrollable="false" selected="false" bounds="[84,1086][996,1137]" displayed="true" /&gt;
                    &lt;/android.widget.LinearLayout&gt;
                    &lt;android.widget.LinearLayout index="3" package="io.qaninja.android.twp" class="android.widget.LinearLayout" text="" resource-id="io.qaninja.android.twp:id/tvPasswordLayout" checkable="false" checked="false" clickable="false" enabled="true" focusable="false" focused="false" long-clickable="false" password="false" scrollable="false" selected="false" bounds="[84,1137][996,1329]" displayed="true"&gt;
                      &lt;android.widget.FrameLayout index="0" package="io.qaninja.android.twp" class="android.widget.FrameLayout" text="" checkable="false" checked="false" clickable="false" enabled="true" focusable="false" focused="false" long-clickable="false" password="false" scrollable="false" selected="false" bounds="[84,1166][996,1278]" displayed="true"&gt;
                        &lt;android.widget.EditText index="0" package="io.qaninja.android.twp" class="android.widget.EditText" text="Senha" resource-id="io.qaninja.android.twp:id/etPassword" checkable="false" checked="false" clickable="true" enabled="true" focusable="true" focused="false" long-clickable="true" password="true" scrollable="false" selected="false" bounds="[84,1166][996,1278]" displayed="true" /&gt;
                      &lt;/android.widget.FrameLayout&gt;
                      &lt;android.widget.LinearLayout index="1" package="io.qaninja.android.twp" class="android.widget.LinearLayout" text="" checkable="false" checked="false" clickable="false" enabled="true" focusable="false" focused="false" long-clickable="false" password="false" scrollable="false" selected="false" bounds="[84,1278][996,1329]" displayed="true" /&gt;
                    &lt;/android.widget.LinearLayout&gt;
                    &lt;android.widget.Spinner index="4" package="io.qaninja.android.twp" class="android.widget.Spinner" text="" resource-id="io.qaninja.android.twp:id/spinnerJob" checkable="false" checked="false" clickable="true" enabled="true" focusable="true" focused="false" long-clickable="true" password="false" scrollable="true" selected="false" bounds="[84,1329][996,1441]" displayed="true"&gt;
                      &lt;android.widget.TextView index="0" package="io.qaninja.android.twp" class="android.widget.TextView" text="QA" resource-id="android:id/text1" checkable="false" checked="false" clickable="false" enabled="true" focusable="false" focused="false" long-clickable="false" password="false" scrollable="false" selected="false" bounds="[94,1355][870,1412]" displayed="true" /&gt;
                    &lt;/android.widget.Spinner&gt;
                    &lt;android.widget.Button index="5" package="io.qaninja.android.twp" class="android.widget.Button" text="CADASTRAR" resource-id="io.qaninja.android.twp:id/btnSubmit" checkable="false" checked="false" clickable="true" enabled="true" focusable="true" focused="false" long-clickable="false" password="false" scrollable="false" selected="false" bounds="[84,1504][996,1651]" displayed="true" /&gt;
                  &lt;/android.view.ViewGroup&gt;
                &lt;/android.widget.ScrollView&gt;
              &lt;/android.widget.FrameLayout&gt;
            &lt;/android.view.ViewGroup&gt;
          &lt;/android.widget.FrameLayout&gt;
        &lt;/android.widget.LinearLayout&gt;
      &lt;/android.widget.FrameLayout&gt;
    &lt;/android.widget.LinearLayout&gt;
  &lt;/android.widget.FrameLayout&gt;
&lt;/hierarchy&gt;</msg>
<kw name="Capture Page Screenshot" library="AppiumLibrary">
<doc>Takes a screenshot of the current page and embeds it into the log.</doc>
<msg timestamp="20220424 13:37:46.993" level="INFO" html="true">&lt;/td&gt;&lt;/tr&gt;&lt;tr&gt;&lt;td colspan="3"&gt;&lt;a href="appium-screenshot-9.png"&gt;&lt;img src="appium-screenshot-9.png" width="800px"&gt;&lt;/a&gt;</msg>
<status status="PASS" starttime="20220424 13:37:46.686" endtime="20220424 13:37:46.993"/>
</kw>
<msg timestamp="20220424 13:37:46.993" level="FAIL">Element locator 'xpath=//android.widget.ImageButton[@content-desc="Open navigation drawer"]' did not match any elements after 8 seconds</msg>
<status status="FAIL" starttime="20220424 13:37:38.522" endtime="20220424 13:37:46.993"/>
</kw>
<kw name="Click Element" library="AppiumLibrary">
<arg>${BUT_NAV}</arg>
<doc>Click element identified by `locator`.</doc>
<status status="NOT RUN" starttime="20220424 13:37:46.994" endtime="20220424 13:37:46.994"/>
</kw>
<status status="FAIL" starttime="20220424 13:37:38.522" endtime="20220424 13:37:46.995"/>
</kw>
<kw name="Select Nav Item" library="helpers">
<arg>FORMS</arg>
<status status="NOT RUN" starttime="20220424 13:37:46.995" endtime="20220424 13:37:46.995"/>
</kw>
<kw name="Verify Toolbar Title" library="helpers">
<arg>FORMS</arg>
<status status="NOT RUN" starttime="20220424 13:37:46.995" endtime="20220424 13:37:46.996"/>
</kw>
<kw name="Click Text" library="AppiumLibrary">
<arg>CADASTRO</arg>
<doc>Click text identified by ``text``.</doc>
<status status="NOT RUN" starttime="20220424 13:37:46.996" endtime="20220424 13:37:46.996"/>
</kw>
<kw name="Wait Until Page Contains" library="AppiumLibrary">
<arg>Bem-vindo, crie sua conta.</arg>
<doc>Waits until `text` appears on current page.</doc>
<status status="NOT RUN" starttime="20220424 13:37:46.996" endtime="20220424 13:37:46.996"/>
</kw>
<status status="FAIL" starttime="20220424 13:37:38.522" endtime="20220424 13:37:46.996"/>
</kw>
<kw name="Choice Job on SignUp Form" library="helpers">
<arg>DevOps</arg>
<status status="NOT RUN" starttime="20220424 13:37:46.997" endtime="20220424 13:37:46.997"/>
</kw>
<status status="FAIL" starttime="20220424 13:37:38.522" endtime="20220424 13:37:46.998">Element locator 'xpath=//android.widget.ImageButton[@content-desc="Open navigation drawer"]' did not match any elements after 8 seconds</status>
</test>
<kw name="Close Session" library="base" type="TEARDOWN">
<kw name="Capture Page Screenshot" library="AppiumLibrary">
<doc>Takes a screenshot of the current page and embeds it into the log.</doc>
<msg timestamp="20220424 13:37:47.355" level="INFO" html="true">&lt;/td&gt;&lt;/tr&gt;&lt;tr&gt;&lt;td colspan="3"&gt;&lt;a href="appium-screenshot-10.png"&gt;&lt;img src="appium-screenshot-10.png" width="800px"&gt;&lt;/a&gt;</msg>
<status status="PASS" starttime="20220424 13:37:47.000" endtime="20220424 13:37:47.355"/>
</kw>
<kw name="Close Application" library="AppiumLibrary">
<doc>Closes the current application and also close webdriver session.</doc>
<status status="PASS" starttime="20220424 13:37:47.355" endtime="20220424 13:37:47.954"/>
</kw>
<status status="PASS" starttime="20220424 13:37:46.999" endtime="20220424 13:37:47.954"/>
</kw>
<status status="FAIL" starttime="20220424 13:37:17.200" endtime="20220424 13:37:47.954"/>
</suite>
<suite id="s1-s9" name="Swipe" source="C:\Users\pedro.dias\Desktop\Cursos\RobotFrameWork_MobileAndroid\TWP\Tests\swipe.robot">
<kw name="Open Session" library="base" type="SETUP">
<kw name="Set Appium Timeout" library="AppiumLibrary">
<arg>8</arg>
<doc>Sets the timeout in seconds used by various keywords.</doc>
<status status="PASS" starttime="20220424 13:37:47.966" endtime="20220424 13:37:47.966"/>
</kw>
<kw name="Open Application" library="AppiumLibrary">
<arg>http://localhost:4723/wd/hub</arg>
<arg>automationName=UiAutomator2</arg>
<arg>platformName=Android</arg>
<arg>deviceName=Emulator</arg>
<arg>app=${EXECDIR}/TWP/app/twp.apk</arg>
<doc>Opens a new application to given Appium server.
Capabilities of appium server, Android and iOS,
Please check https://github.com/appium/appium/blob/master/docs/en/writing-running-appium/server-args.md
| *Option*            | *Man.* | *Description*     |
| remote_url          | Yes    | Appium server url |
| alias               | no     | alias             |</doc>
<status status="PASS" starttime="20220424 13:37:47.966" endtime="20220424 13:38:00.579"/>
</kw>
<kw name="Get Started" library="helpers">
<kw name="Wait Until Page Contains" library="AppiumLibrary">
<arg>COMEÇAR</arg>
<doc>Waits until `text` appears on current page.</doc>
<status status="PASS" starttime="20220424 13:38:00.580" endtime="20220424 13:38:04.681"/>
</kw>
<kw name="Click Text" library="AppiumLibrary">
<arg>COMEÇAR</arg>
<doc>Click text identified by ``text``.</doc>
<status status="PASS" starttime="20220424 13:38:04.681" endtime="20220424 13:38:05.153"/>
</kw>
<status status="PASS" starttime="20220424 13:38:00.579" endtime="20220424 13:38:05.153"/>
</kw>
<status status="PASS" starttime="20220424 13:37:47.965" endtime="20220424 13:38:05.153"/>
</kw>
<test id="s1-s9-t1" name="Deve Remover o Primeiro Vingador" line="13">
<kw name="Go To Avengers LIST Page" library="helpers">
<kw name="Open NAV" library="helpers">
<kw name="Wait Until Element Is Visible" library="AppiumLibrary">
<arg>${BUT_NAV}</arg>
<doc>Waits until element specified with `locator` is visible.</doc>
<status status="PASS" starttime="20220424 13:38:05.157" endtime="20220424 13:38:06.331"/>
</kw>
<kw name="Click Element" library="AppiumLibrary">
<arg>${BUT_NAV}</arg>
<doc>Click element identified by `locator`.</doc>
<msg timestamp="20220424 13:38:06.332" level="INFO">Clicking element 'xpath=//android.widget.ImageButton[@content-desc="Open navigation drawer"]'.</msg>
<status status="PASS" starttime="20220424 13:38:06.331" endtime="20220424 13:38:06.409"/>
</kw>
<status status="PASS" starttime="20220424 13:38:05.156" endtime="20220424 13:38:06.409"/>
</kw>
<kw name="Select Nav Item" library="helpers">
<arg>AVENGERS</arg>
<kw name="Wait Until Element Is Visible" library="AppiumLibrary">
<arg>${FRAME_NAV_VIEW}</arg>
<doc>Waits until element specified with `locator` is visible.</doc>
<status status="PASS" starttime="20220424 13:38:06.409" endtime="20220424 13:38:07.391"/>
</kw>
<kw name="Click Text" library="AppiumLibrary">
<arg>${Nav_Item}</arg>
<doc>Click text identified by ``text``.</doc>
<status status="PASS" starttime="20220424 13:38:07.391" endtime="20220424 13:38:07.511"/>
</kw>
<status status="PASS" starttime="20220424 13:38:06.409" endtime="20220424 13:38:07.511"/>
</kw>
<kw name="Verify Toolbar Title" library="helpers">
<arg>AVENGERS</arg>
<kw name="Wait Until Element Is Visible" library="AppiumLibrary">
<arg>${TOOLBAR_TITLE}</arg>
<doc>Waits until element specified with `locator` is visible.</doc>
<status status="PASS" starttime="20220424 13:38:07.511" endtime="20220424 13:38:08.487"/>
</kw>
<kw name="Element Text Should Be" library="AppiumLibrary">
<arg>${TOOLBAR_TITLE}</arg>
<arg>${Title}</arg>
<doc>Verifies element identified by ``locator`` exactly contains text ``expected``.</doc>
<msg timestamp="20220424 13:38:08.490" level="INFO">Verifying element 'id=io.qaninja.android.twp:id/toolbarTitle' contains exactly text 'AVENGERS'.</msg>
<status status="PASS" starttime="20220424 13:38:08.487" endtime="20220424 13:38:08.520"/>
</kw>
<status status="PASS" starttime="20220424 13:38:07.511" endtime="20220424 13:38:08.521"/>
</kw>
<kw name="Click Text" library="AppiumLibrary">
<arg>LISTA</arg>
<doc>Click text identified by ``text``.</doc>
<status status="PASS" starttime="20220424 13:38:08.521" endtime="20220424 13:38:08.612"/>
</kw>
<kw name="Wait Until Page Contains" library="AppiumLibrary">
<arg>LISTA</arg>
<doc>Waits until `text` appears on current page.</doc>
<status status="PASS" starttime="20220424 13:38:08.612" endtime="20220424 13:38:08.678"/>
</kw>
<status status="PASS" starttime="20220424 13:38:05.156" endtime="20220424 13:38:08.678"/>
</kw>
<kw name="Swipe By Percent" library="AppiumLibrary">
<arg>90</arg>
<arg>18</arg>
<arg>50</arg>
<arg>18</arg>
<doc>Swipe from one percent of the screen to another percent, for an optional duration.
Normal swipe fails to scale for different screen resolutions, this can be avoided using percent.</doc>
<status status="PASS" starttime="20220424 13:38:08.678" endtime="20220424 13:38:10.281"/>
</kw>
<kw name="Wait Until Element Is Visible" library="AppiumLibrary">
<arg>${AVENGERS_BTN_REMOVE}</arg>
<doc>Waits until element specified with `locator` is visible.</doc>
<status status="PASS" starttime="20220424 13:38:10.281" endtime="20220424 13:38:10.863"/>
</kw>
<kw name="Click Element" library="AppiumLibrary">
<arg>${AVENGERS_BTN_REMOVE}</arg>
<doc>Click element identified by `locator`.</doc>
<msg timestamp="20220424 13:38:10.865" level="INFO">Clicking element 'id=io.qaninja.android.twp:id/btnRemove'.</msg>
<status status="PASS" starttime="20220424 13:38:10.864" endtime="20220424 13:38:10.937"/>
</kw>
<kw name="Wait Until Page Contains" library="AppiumLibrary">
<arg>text=Item removido! (posição = 0)</arg>
<doc>Waits until `text` appears on current page.</doc>
<status status="PASS" starttime="20220424 13:38:10.938" endtime="20220424 13:38:11.378"/>
</kw>
<status status="PASS" starttime="20220424 13:38:05.155" endtime="20220424 13:38:11.379"/>
</test>
<kw name="Close Session" library="base" type="TEARDOWN">
<kw name="Capture Page Screenshot" library="AppiumLibrary">
<doc>Takes a screenshot of the current page and embeds it into the log.</doc>
<msg timestamp="20220424 13:38:11.607" level="INFO" html="true">&lt;/td&gt;&lt;/tr&gt;&lt;tr&gt;&lt;td colspan="3"&gt;&lt;a href="appium-screenshot-11.png"&gt;&lt;img src="appium-screenshot-11.png" width="800px"&gt;&lt;/a&gt;</msg>
<status status="PASS" starttime="20220424 13:38:11.380" endtime="20220424 13:38:11.607"/>
</kw>
<kw name="Close Application" library="AppiumLibrary">
<doc>Closes the current application and also close webdriver session.</doc>
<status status="PASS" starttime="20220424 13:38:11.607" endtime="20220424 13:38:12.264"/>
</kw>
<status status="PASS" starttime="20220424 13:38:11.380" endtime="20220424 13:38:12.264"/>
</kw>
<status status="PASS" starttime="20220424 13:37:47.955" endtime="20220424 13:38:12.264"/>
</suite>
<status status="FAIL" starttime="20220424 13:34:16.066" endtime="20220424 13:38:12.267"/>
</suite>
<statistics>
<total>
<stat pass="12" fail="2" skip="0">All Tests</stat>
</total>
<tag>
<stat pass="0" fail="1" skip="0">long_press</stat>
<stat pass="1" fail="0" skip="0">short_click</stat>
</tag>
<suite>
<stat pass="12" fail="2" skip="0" id="s1" name="Tests">Tests</stat>
<stat pass="1" fail="1" skip="0" id="s1-s1" name="Buttons">Tests.Buttons</stat>
<stat pass="1" fail="0" skip="0" id="s1-s2" name="checkBox">Tests.checkBox</stat>
<stat pass="1" fail="0" skip="0" id="s1-s3" name="Drag-And-Drop">Tests.Drag-And-Drop</stat>
<stat pass="1" fail="0" skip="0" id="s1-s4" name="Home">Tests.Home</stat>
<stat pass="1" fail="0" skip="0" id="s1-s5" name="Login">Tests.Login</stat>
<stat pass="4" fail="0" skip="0" id="s1-s6" name="Nav">Tests.Nav</stat>
<stat pass="1" fail="0" skip="0" id="s1-s7" name="radioButton">Tests.radioButton</stat>
<stat pass="1" fail="1" skip="0" id="s1-s8" name="Spinner">Tests.Spinner</stat>
<stat pass="1" fail="0" skip="0" id="s1-s9" name="Swipe">Tests.Swipe</stat>
</suite>
</statistics>
<errors>
</errors>
</robot>
